2012-11-26 14:03:54,930 [main] ERROR StackTrace  - Full Stack Trace:
java.lang.IllegalArgumentException: Parameter for constraint [inList] of property [album] of class [class ar.com.asambleacristiana.Song] must implement the interface [java.util.List]
	at org.codehaus.groovy.grails.validation.InListConstraint.setParameter(InListConstraint.java:52)
	at org.codehaus.groovy.grails.validation.ConstrainedProperty.applyConstraint(ConstrainedProperty.java:1046)
	at org.codehaus.groovy.grails.validation.ConstrainedPropertyBuilder.createNode(ConstrainedPropertyBuilder.java:132)
	at groovy.util.BuilderSupport.doInvokeMethod(BuilderSupport.java:81)
	at org.codehaus.groovy.grails.validation.ConstrainedPropertyBuilder.doInvokeMethod(ConstrainedPropertyBuilder.java:68)
	at groovy.util.BuilderSupport.invokeMethod(BuilderSupport.java:64)
	at groovy.lang.MetaClassImpl.invokeMethodOnGroovyObject(MetaClassImpl.java:1136)
	at groovy.lang.MetaClassImpl.invokeMethod(MetaClassImpl.java:968)
	at groovy.lang.ExpandoMetaClass.invokeMethod(ExpandoMetaClass.java:1110)
	at groovy.lang.MetaClassImpl.invokeMethod(MetaClassImpl.java:901)
	at org.codehaus.groovy.runtime.callsite.PogoMetaClassSite.callCurrent(PogoMetaClassSite.java:66)
	at org.codehaus.groovy.runtime.callsite.CallSiteArray.defaultCallCurrent(CallSiteArray.java:46)
	at org.codehaus.groovy.runtime.callsite.AbstractCallSite.callCurrent(AbstractCallSite.java:133)
	at org.codehaus.groovy.runtime.callsite.AbstractCallSite.callCurrent(AbstractCallSite.java:141)
	at ar.com.asambleacristiana.Song$__clinit__closure1$$ENptZp8x.doCall(Song.groovy:12)
	at sun.reflect.NativeMethodAccessorImpl.invoke0(Native Method)
	at sun.reflect.NativeMethodAccessorImpl.invoke(NativeMethodAccessorImpl.java:57)
	at sun.reflect.DelegatingMethodAccessorImpl.invoke(DelegatingMethodAccessorImpl.java:43)
	at java.lang.reflect.Method.invoke(Method.java:601)
	at com.springsource.loaded.ri.ReloadedTypeInvoker$2.invoke(ReloadedTypeInvoker.java:107)
	at com.springsource.loaded.ri.ReflectiveInterceptor.jlrMethodInvoke(ReflectiveInterceptor.java:1260)
	at org.codehaus.groovy.runtime.callsite.PogoMetaMethodSite$PogoCachedMethodSite.invoke(PogoMetaMethodSite.java:231)
	at org.codehaus.groovy.runtime.callsite.PogoMetaMethodSite.callCurrent(PogoMetaMethodSite.java:52)
	at org.codehaus.groovy.runtime.callsite.CallSiteArray.defaultCallCurrent(CallSiteArray.java:46)
	at org.codehaus.groovy.runtime.callsite.AbstractCallSite.callCurrent(AbstractCallSite.java:133)
	at org.codehaus.groovy.runtime.callsite.AbstractCallSite.callCurrent(AbstractCallSite.java:141)
	at ar.com.asambleacristiana.Song$__clinit__closure1$$ENptZp8x.doCall(Song.groovy)
	at sun.reflect.NativeMethodAccessorImpl.invoke0(Native Method)
	at sun.reflect.NativeMethodAccessorImpl.invoke(NativeMethodAccessorImpl.java:57)
	at sun.reflect.DelegatingMethodAccessorImpl.invoke(DelegatingMethodAccessorImpl.java:43)
	at java.lang.reflect.Method.invoke(Method.java:601)
	at com.springsource.loaded.ri.ReloadedTypeInvoker$2.invoke(ReloadedTypeInvoker.java:107)
	at com.springsource.loaded.ri.ReflectiveInterceptor.jlrMethodInvoke(ReflectiveInterceptor.java:1260)
	at org.codehaus.groovy.reflection.CachedMethod.invoke(CachedMethod.java:90)
	at groovy.lang.MetaMethod.doMethodInvoke(MetaMethod.java:233)
	at groovy.lang.MetaClassImpl.invokeMethod(MetaClassImpl.java:1071)
	at groovy.lang.ExpandoMetaClass.invokeMethod(ExpandoMetaClass.java:1110)
	at groovy.lang.MetaClassImpl.invokeMethod(MetaClassImpl.java:901)
	at groovy.lang.Closure.call(Closure.java:415)
	at ar.com.asambleacristiana.Song$__clinit__closure1.call(Song.groovy)
	at groovy.lang.Closure.call(Closure.java:409)
	at ar.com.asambleacristiana.Song$__clinit__closure1.call(Song.groovy)
	at org.codehaus.groovy.grails.validation.DefaultConstraintEvaluator.evaluateConstraints(DefaultConstraintEvaluator.java:105)
	at org.codehaus.groovy.grails.validation.DefaultConstraintEvaluator.evaluate(DefaultConstraintEvaluator.java:301)
	at org.codehaus.groovy.grails.commons.DefaultGrailsDomainClass.initializeConstraints(DefaultGrailsDomainClass.java:750)
	at org.codehaus.groovy.grails.commons.DefaultGrailsDomainClass.getConstrainedProperties(DefaultGrailsDomainClass.java:742)
	at org.codehaus.groovy.grails.scaffolding.DomainClassPropertyComparator.<init>(DomainClassPropertyComparator.java:40)
	at sun.reflect.NativeConstructorAccessorImpl.newInstance0(Native Method)
	at sun.reflect.NativeConstructorAccessorImpl.newInstance(NativeConstructorAccessorImpl.java:57)
	at sun.reflect.DelegatingConstructorAccessorImpl.newInstance(DelegatingConstructorAccessorImpl.java:45)
	at java.lang.reflect.Constructor.newInstance(Constructor.java:525)
	at com.springsource.loaded.ri.ReflectiveInterceptor.jlrConstructorNewInstance(ReflectiveInterceptor.java:963)
	at com.springsource.loaded.ri.ReflectiveInterceptor.jlrMethodInvoke(ReflectiveInterceptor.java:1082)
	at org.codehaus.groovy.runtime.callsite.PojoMetaMethodSite$PojoCachedMethodSite.invoke(PojoMetaMethodSite.java:189)
	at org.codehaus.groovy.runtime.callsite.PojoMetaMethodSite.call(PojoMetaMethodSite.java:53)
	at org.codehaus.groovy.runtime.callsite.CallSiteArray.defaultCall(CallSiteArray.java:42)
	at org.codehaus.groovy.runtime.callsite.AbstractCallSite.call(AbstractCallSite.java:108)
	at org.codehaus.groovy.runtime.callsite.AbstractCallSite.call(AbstractCallSite.java:116)
	at SimpleTemplateScript23.run(SimpleTemplateScript23.groovy:30)
	at groovy.text.SimpleTemplateEngine$SimpleTemplate$1.writeTo(SimpleTemplateEngine.java:165)
	at groovy.lang.Writable$writeTo.call(Unknown Source)
	at org.codehaus.groovy.grails.scaffolding.DefaultGrailsTemplateGenerator.generateView(DefaultGrailsTemplateGenerator.groovy:230)
	at sun.reflect.GeneratedMethodAccessor438.invoke(Unknown Source)
	at sun.reflect.DelegatingMethodAccessorImpl.invoke(DelegatingMethodAccessorImpl.java:43)
	at java.lang.reflect.Method.invoke(Method.java:601)
	at com.springsource.loaded.ri.ReflectiveInterceptor.jlrMethodInvoke(ReflectiveInterceptor.java:1237)
	at org.codehaus.groovy.reflection.CachedMethod.invoke(CachedMethod.java:90)
	at groovy.lang.MetaMethod.doMethodInvoke(MetaMethod.java:233)
	at groovy.lang.MetaClassImpl.invokeMethod(MetaClassImpl.java:1071)
	at groovy.lang.ExpandoMetaClass.invokeMethod(ExpandoMetaClass.java:1110)
	at groovy.lang.MetaClassImpl.invokeMethod(MetaClassImpl.java:901)
	at groovy.lang.MetaClassImpl.invokeMethod(MetaClassImpl.java:1016)
	at groovy.lang.ExpandoMetaClass.invokeMethod(ExpandoMetaClass.java:1110)
	at groovy.lang.MetaClassImpl.invokeMethod(MetaClassImpl.java:901)
	at org.codehaus.groovy.runtime.callsite.PogoMetaClassSite.callCurrent(PogoMetaClassSite.java:66)
	at org.codehaus.groovy.runtime.callsite.AbstractCallSite.callCurrent(AbstractCallSite.java:149)
	at org.codehaus.groovy.grails.scaffolding.DefaultGrailsTemplateGenerator$_generateView_closure7.doCall(DefaultGrailsTemplateGenerator.groovy:188)
	at sun.reflect.GeneratedMethodAccessor437.invoke(Unknown Source)
	at sun.reflect.DelegatingMethodAccessorImpl.invoke(DelegatingMethodAccessorImpl.java:43)
	at java.lang.reflect.Method.invoke(Method.java:601)
	at com.springsource.loaded.ri.ReflectiveInterceptor.jlrMethodInvoke(ReflectiveInterceptor.java:1237)
	at org.codehaus.groovy.reflection.CachedMethod.invoke(CachedMethod.java:90)
	at groovy.lang.MetaMethod.doMethodInvoke(MetaMethod.java:233)
	at groovy.lang.MetaClassImpl.invokeMethod(MetaClassImpl.java:1071)
	at groovy.lang.ExpandoMetaClass.invokeMethod(ExpandoMetaClass.java:1110)
	at groovy.lang.MetaClassImpl.invokeMethod(MetaClassImpl.java:901)
	at groovy.lang.Closure.call(Closure.java:415)
	at groovy.lang.Closure.call(Closure.java:428)
	at org.codehaus.groovy.runtime.DefaultGroovyMethods.withWriter(DefaultGroovyMethods.java:17369)
	at org.codehaus.groovy.runtime.DefaultGroovyMethods.withWriter(DefaultGroovyMethods.java:17224)
	at org.codehaus.groovy.runtime.dgm$956.invoke(Unknown Source)
	at org.codehaus.groovy.runtime.callsite.PojoMetaMethodSite$PojoMetaMethodSiteNoUnwrapNoCoerce.invoke(PojoMetaMethodSite.java:271)
	at org.codehaus.groovy.runtime.callsite.PojoMetaMethodSite.call(PojoMetaMethodSite.java:53)
	at org.codehaus.groovy.runtime.callsite.AbstractCallSite.call(AbstractCallSite.java:116)
	at org.codehaus.groovy.grails.scaffolding.DefaultGrailsTemplateGenerator.generateView(DefaultGrailsTemplateGenerator.groovy:187)
	at org.codehaus.groovy.grails.scaffolding.GrailsTemplateGenerator$generateView.callCurrent(Unknown Source)
	at org.codehaus.groovy.grails.scaffolding.DefaultGrailsTemplateGenerator.generateViews(DefaultGrailsTemplateGenerator.groovy:115)
	at org.codehaus.groovy.grails.scaffolding.GrailsTemplateGenerator$generateViews.call(Unknown Source)
	at _GrailsGenerate_groovy.generateForDomainClass(_GrailsGenerate_groovy:83)
	at sun.reflect.NativeMethodAccessorImpl.invoke0(Native Method)
	at sun.reflect.NativeMethodAccessorImpl.invoke(NativeMethodAccessorImpl.java:57)
	at sun.reflect.DelegatingMethodAccessorImpl.invoke(DelegatingMethodAccessorImpl.java:43)
	at java.lang.reflect.Method.invoke(Method.java:601)
	at com.springsource.loaded.ri.ReflectiveInterceptor.jlrMethodInvoke(ReflectiveInterceptor.java:1237)
	at org.codehaus.groovy.reflection.CachedMethod.invoke(CachedMethod.java:90)
	at groovy.lang.MetaMethod.doMethodInvoke(MetaMethod.java:233)
	at groovy.lang.MetaClassImpl.invokeMethod(MetaClassImpl.java:1071)
	at groovy.lang.ExpandoMetaClass.invokeMethod(ExpandoMetaClass.java:1110)
	at groovy.lang.MetaClassImpl.invokeMethod(MetaClassImpl.java:901)
	at groovy.lang.MetaClassImpl.invokeMethod(MetaClassImpl.java:1016)
	at groovy.lang.ExpandoMetaClass.invokeMethod(ExpandoMetaClass.java:1110)
	at groovy.lang.MetaClassImpl.invokeMethod(MetaClassImpl.java:901)
	at groovy.lang.DelegatingMetaClass.invokeMethod(DelegatingMetaClass.java:149)
	at org.codehaus.gant.GantMetaClass.invokeMethod(GantMetaClass.java:133)
	at org.codehaus.groovy.runtime.callsite.PogoMetaClassSite.callCurrent(PogoMetaClassSite.java:66)
	at org.codehaus.groovy.runtime.callsite.CallSiteArray.defaultCallCurrent(CallSiteArray.java:46)
	at org.codehaus.groovy.runtime.callsite.PogoMetaClassSite.callCurrent(PogoMetaClassSite.java:81)
	at org.codehaus.groovy.runtime.callsite.AbstractCallSite.callCurrent(AbstractCallSite.java:141)
	at _GrailsGenerate_groovy$_run_closure1.doCall(_GrailsGenerate_groovy:48)
	at sun.reflect.NativeMethodAccessorImpl.invoke0(Native Method)
	at sun.reflect.NativeMethodAccessorImpl.invoke(NativeMethodAccessorImpl.java:57)
	at sun.reflect.DelegatingMethodAccessorImpl.invoke(DelegatingMethodAccessorImpl.java:43)
	at java.lang.reflect.Method.invoke(Method.java:601)
	at com.springsource.loaded.ri.ReflectiveInterceptor.jlrMethodInvoke(ReflectiveInterceptor.java:1237)
	at org.codehaus.groovy.reflection.CachedMethod.invoke(CachedMethod.java:90)
	at groovy.lang.MetaMethod.doMethodInvoke(MetaMethod.java:233)
	at groovy.lang.MetaClassImpl.invokeMethod(MetaClassImpl.java:1071)
	at groovy.lang.ExpandoMetaClass.invokeMethod(ExpandoMetaClass.java:1110)
	at groovy.lang.MetaClassImpl.invokeMethod(MetaClassImpl.java:901)
	at groovy.lang.DelegatingMetaClass.invokeMethod(DelegatingMetaClass.java:149)
	at org.codehaus.gant.GantMetaClass.invokeMethod(GantMetaClass.java:133)
	at groovy.lang.Closure.call(Closure.java:415)
	at groovy.lang.Closure.call(Closure.java:428)
	at sun.reflect.GeneratedMethodAccessor77.invoke(Unknown Source)
	at sun.reflect.DelegatingMethodAccessorImpl.invoke(DelegatingMethodAccessorImpl.java:43)
	at java.lang.reflect.Method.invoke(Method.java:601)
	at com.springsource.loaded.ri.ReflectiveInterceptor.jlrMethodInvoke(ReflectiveInterceptor.java:1237)
	at org.codehaus.groovy.reflection.CachedMethod.invoke(CachedMethod.java:90)
	at groovy.lang.MetaMethod.doMethodInvoke(MetaMethod.java:233)
	at groovy.lang.MetaClassImpl.invokeMethod(MetaClassImpl.java:1071)
	at groovy.lang.ExpandoMetaClass.invokeMethod(ExpandoMetaClass.java:1110)
	at groovy.lang.MetaClassImpl.invokeMethod(MetaClassImpl.java:901)
	at groovy.lang.DelegatingMetaClass.invokeMethod(DelegatingMetaClass.java:149)
	at org.codehaus.gant.GantMetaClass.invokeMethod(GantMetaClass.java:133)
	at org.codehaus.groovy.runtime.callsite.PogoMetaClassSite.call(PogoMetaClassSite.java:39)
	at org.codehaus.groovy.runtime.callsite.CallSiteArray.defaultCall(CallSiteArray.java:42)
	at org.codehaus.groovy.runtime.callsite.PogoMetaClassSite.call(PogoMetaClassSite.java:54)
	at org.codehaus.groovy.runtime.callsite.AbstractCallSite.call(AbstractCallSite.java:116)
	at org.codehaus.gant.GantBinding$_initializeGantBinding_closure5_closure16_closure18.doCall(GantBinding.groovy:185)
	at sun.reflect.GeneratedMethodAccessor160.invoke(Unknown Source)
	at sun.reflect.DelegatingMethodAccessorImpl.invoke(DelegatingMethodAccessorImpl.java:43)
	at java.lang.reflect.Method.invoke(Method.java:601)
	at com.springsource.loaded.ri.ReflectiveInterceptor.jlrMethodInvoke(ReflectiveInterceptor.java:1237)
	at org.codehaus.groovy.runtime.callsite.PogoMetaMethodSite$PogoCachedMethodSite.invoke(PogoMetaMethodSite.java:231)
	at org.codehaus.groovy.runtime.callsite.PogoMetaMethodSite.callCurrent(PogoMetaMethodSite.java:52)
	at org.codehaus.groovy.runtime.callsite.AbstractCallSite.callCurrent(AbstractCallSite.java:141)
	at org.codehaus.gant.GantBinding$_initializeGantBinding_closure5_closure16_closure18.doCall(GantBinding.groovy)
	at sun.reflect.GeneratedMethodAccessor159.invoke(Unknown Source)
	at sun.reflect.DelegatingMethodAccessorImpl.invoke(DelegatingMethodAccessorImpl.java:43)
	at java.lang.reflect.Method.invoke(Method.java:601)
	at com.springsource.loaded.ri.ReflectiveInterceptor.jlrMethodInvoke(ReflectiveInterceptor.java:1237)
	at org.codehaus.groovy.reflection.CachedMethod.invoke(CachedMethod.java:90)
	at groovy.lang.MetaMethod.doMethodInvoke(MetaMethod.java:233)
	at groovy.lang.MetaClassImpl.invokeMethod(MetaClassImpl.java:1071)
	at groovy.lang.ExpandoMetaClass.invokeMethod(ExpandoMetaClass.java:1110)
	at groovy.lang.MetaClassImpl.invokeMethod(MetaClassImpl.java:901)
	at groovy.lang.Closure.call(Closure.java:415)
	at groovy.lang.Closure.call(Closure.java:409)
	at java_util_concurrent_Callable$call.call(Unknown Source)
	at org.codehaus.gant.GantBinding.withTargetEvent(GantBinding.groovy:90)
	at org.codehaus.gant.GantBinding.this$4$withTargetEvent(GantBinding.groovy)
	at sun.reflect.GeneratedMethodAccessor154.invoke(Unknown Source)
	at sun.reflect.DelegatingMethodAccessorImpl.invoke(DelegatingMethodAccessorImpl.java:43)
	at java.lang.reflect.Method.invoke(Method.java:601)
	at com.springsource.loaded.ri.ReflectiveInterceptor.jlrMethodInvoke(ReflectiveInterceptor.java:1237)
	at org.codehaus.groovy.reflection.CachedMethod.invoke(CachedMethod.java:90)
	at groovy.lang.MetaMethod.doMethodInvoke(MetaMethod.java:233)
	at groovy.lang.MetaClassImpl.invokeMethod(MetaClassImpl.java:1071)
	at groovy.lang.ExpandoMetaClass.invokeMethod(ExpandoMetaClass.java:1110)
	at groovy.lang.MetaClassImpl.invokeMethod(MetaClassImpl.java:901)
	at groovy.lang.MetaClassImpl.invokeMethod(MetaClassImpl.java:1016)
	at groovy.lang.ExpandoMetaClass.invokeMethod(ExpandoMetaClass.java:1110)
	at groovy.lang.MetaClassImpl.invokeMethod(MetaClassImpl.java:901)
	at groovy.lang.MetaClassImpl.invokeMethod(MetaClassImpl.java:721)
	at groovy.lang.GroovyObjectSupport.invokeMethod(GroovyObjectSupport.java:44)
	at groovy.lang.MetaClassImpl.invokeMethodOnGroovyObject(MetaClassImpl.java:1136)
	at groovy.lang.MetaClassImpl.invokeMethod(MetaClassImpl.java:1030)
	at groovy.lang.ExpandoMetaClass.invokeMethod(ExpandoMetaClass.java:1110)
	at groovy.lang.MetaClassImpl.invokeMethod(MetaClassImpl.java:901)
	at org.codehaus.groovy.runtime.callsite.PogoMetaClassSite.callCurrent(PogoMetaClassSite.java:66)
	at org.codehaus.groovy.runtime.callsite.AbstractCallSite.callCurrent(AbstractCallSite.java:149)
	at org.codehaus.gant.GantBinding$_initializeGantBinding_closure5_closure16.doCall(GantBinding.groovy:185)
	at sun.reflect.GeneratedMethodAccessor153.invoke(Unknown Source)
	at sun.reflect.DelegatingMethodAccessorImpl.invoke(DelegatingMethodAccessorImpl.java:43)
	at java.lang.reflect.Method.invoke(Method.java:601)
	at com.springsource.loaded.ri.ReflectiveInterceptor.jlrMethodInvoke(ReflectiveInterceptor.java:1237)
	at org.codehaus.groovy.runtime.callsite.PogoMetaMethodSite$PogoCachedMethodSite.invoke(PogoMetaMethodSite.java:231)
	at org.codehaus.groovy.runtime.callsite.PogoMetaMethodSite.callCurrent(PogoMetaMethodSite.java:52)
	at org.codehaus.groovy.runtime.callsite.AbstractCallSite.callCurrent(AbstractCallSite.java:141)
	at org.codehaus.gant.GantBinding$_initializeGantBinding_closure5_closure16.doCall(GantBinding.groovy)
	at sun.reflect.GeneratedMethodAccessor152.invoke(Unknown Source)
	at sun.reflect.DelegatingMethodAccessorImpl.invoke(DelegatingMethodAccessorImpl.java:43)
	at java.lang.reflect.Method.invoke(Method.java:601)
	at com.springsource.loaded.ri.ReflectiveInterceptor.jlrMethodInvoke(ReflectiveInterceptor.java:1237)
	at org.codehaus.groovy.reflection.CachedMethod.invoke(CachedMethod.java:90)
	at groovy.lang.MetaMethod.doMethodInvoke(MetaMethod.java:233)
	at groovy.lang.MetaClassImpl.invokeMethod(MetaClassImpl.java:1071)
	at groovy.lang.ExpandoMetaClass.invokeMethod(ExpandoMetaClass.java:1110)
	at groovy.lang.MetaClassImpl.invokeMethod(MetaClassImpl.java:901)
	at groovy.lang.Closure.call(Closure.java:415)
	at groovy.lang.Closure.call(Closure.java:409)
	at sun.reflect.GeneratedMethodAccessor192.invoke(Unknown Source)
	at sun.reflect.DelegatingMethodAccessorImpl.invoke(DelegatingMethodAccessorImpl.java:43)
	at java.lang.reflect.Method.invoke(Method.java:601)
	at com.springsource.loaded.ri.ReflectiveInterceptor.jlrMethodInvoke(ReflectiveInterceptor.java:1237)
	at org.codehaus.groovy.reflection.CachedMethod.invoke(CachedMethod.java:90)
	at groovy.lang.MetaMethod.doMethodInvoke(MetaMethod.java:233)
	at groovy.lang.MetaClassImpl.invokeMethod(MetaClassImpl.java:1071)
	at groovy.lang.ExpandoMetaClass.invokeMethod(ExpandoMetaClass.java:1110)
	at groovy.lang.MetaClassImpl.invokeMethod(MetaClassImpl.java:901)
	at groovy.lang.MetaClassImpl.invokePropertyOrMissing(MetaClassImpl.java:1117)
	at groovy.lang.MetaClassImpl.invokeMethod(MetaClassImpl.java:1073)
	at groovy.lang.ExpandoMetaClass.invokeMethod(ExpandoMetaClass.java:1110)
	at groovy.lang.MetaClassImpl.invokeMethod(MetaClassImpl.java:901)
	at groovy.lang.MetaClassImpl.invokeMethod(MetaClassImpl.java:721)
	at groovy.lang.GroovyObjectSupport.invokeMethod(GroovyObjectSupport.java:44)
	at groovy.lang.Script.invokeMethod(Script.java:78)
	at groovy.lang.MetaClassImpl.invokeMethodOnGroovyObject(MetaClassImpl.java:1136)
	at groovy.lang.MetaClassImpl.invokeMethod(MetaClassImpl.java:1030)
	at groovy.lang.ExpandoMetaClass.invokeMethod(ExpandoMetaClass.java:1110)
	at groovy.lang.MetaClassImpl.invokeMethod(MetaClassImpl.java:901)
	at groovy.lang.DelegatingMetaClass.invokeMethod(DelegatingMetaClass.java:149)
	at org.codehaus.gant.GantMetaClass.invokeMethod(GantMetaClass.java:133)
	at org.codehaus.groovy.runtime.callsite.PogoMetaClassSite.callCurrent(PogoMetaClassSite.java:66)
	at org.codehaus.groovy.runtime.callsite.CallSiteArray.defaultCallCurrent(CallSiteArray.java:46)
	at org.codehaus.groovy.runtime.callsite.PogoMetaClassSite.callCurrent(PogoMetaClassSite.java:81)
	at org.codehaus.groovy.runtime.callsite.AbstractCallSite.callCurrent(AbstractCallSite.java:137)
	at GenerateAll$_run_closure1.doCall(GenerateAll.groovy:42)
	at sun.reflect.NativeMethodAccessorImpl.invoke0(Native Method)
	at sun.reflect.NativeMethodAccessorImpl.invoke(NativeMethodAccessorImpl.java:57)
	at sun.reflect.DelegatingMethodAccessorImpl.invoke(DelegatingMethodAccessorImpl.java:43)
	at java.lang.reflect.Method.invoke(Method.java:601)
	at com.springsource.loaded.ri.ReflectiveInterceptor.jlrMethodInvoke(ReflectiveInterceptor.java:1237)
	at org.codehaus.groovy.reflection.CachedMethod.invoke(CachedMethod.java:90)
	at groovy.lang.MetaMethod.doMethodInvoke(MetaMethod.java:233)
	at groovy.lang.MetaClassImpl.invokeMethod(MetaClassImpl.java:1071)
	at groovy.lang.ExpandoMetaClass.invokeMethod(ExpandoMetaClass.java:1110)
	at groovy.lang.MetaClassImpl.invokeMethod(MetaClassImpl.java:901)
	at groovy.lang.DelegatingMetaClass.invokeMethod(DelegatingMetaClass.java:149)
	at org.codehaus.gant.GantMetaClass.invokeMethod(GantMetaClass.java:133)
	at groovy.lang.Closure.call(Closure.java:415)
	at groovy.lang.Closure.call(Closure.java:428)
	at sun.reflect.GeneratedMethodAccessor77.invoke(Unknown Source)
	at sun.reflect.DelegatingMethodAccessorImpl.invoke(DelegatingMethodAccessorImpl.java:43)
	at java.lang.reflect.Method.invoke(Method.java:601)
	at com.springsource.loaded.ri.ReflectiveInterceptor.jlrMethodInvoke(ReflectiveInterceptor.java:1237)
	at org.codehaus.groovy.reflection.CachedMethod.invoke(CachedMethod.java:90)
	at groovy.lang.MetaMethod.doMethodInvoke(MetaMethod.java:233)
	at groovy.lang.MetaClassImpl.invokeMethod(MetaClassImpl.java:1071)
	at groovy.lang.ExpandoMetaClass.invokeMethod(ExpandoMetaClass.java:1110)
	at groovy.lang.MetaClassImpl.invokeMethod(MetaClassImpl.java:901)
	at groovy.lang.DelegatingMetaClass.invokeMethod(DelegatingMetaClass.java:149)
	at org.codehaus.gant.GantMetaClass.invokeMethod(GantMetaClass.java:133)
	at org.codehaus.groovy.runtime.callsite.PogoMetaClassSite.call(PogoMetaClassSite.java:39)
	at org.codehaus.groovy.runtime.callsite.CallSiteArray.defaultCall(CallSiteArray.java:42)
	at org.codehaus.groovy.runtime.callsite.PogoMetaClassSite.call(PogoMetaClassSite.java:54)
	at org.codehaus.groovy.runtime.callsite.AbstractCallSite.call(AbstractCallSite.java:116)
	at org.codehaus.gant.GantBinding$_initializeGantBinding_closure5_closure16_closure18.doCall(GantBinding.groovy:185)
	at sun.reflect.GeneratedMethodAccessor160.invoke(Unknown Source)
	at sun.reflect.DelegatingMethodAccessorImpl.invoke(DelegatingMethodAccessorImpl.java:43)
	at java.lang.reflect.Method.invoke(Method.java:601)
	at com.springsource.loaded.ri.ReflectiveInterceptor.jlrMethodInvoke(ReflectiveInterceptor.java:1237)
	at org.codehaus.groovy.runtime.callsite.PogoMetaMethodSite$PogoCachedMethodSite.invoke(PogoMetaMethodSite.java:231)
	at org.codehaus.groovy.runtime.callsite.PogoMetaMethodSite.callCurrent(PogoMetaMethodSite.java:52)
	at org.codehaus.groovy.runtime.callsite.AbstractCallSite.callCurrent(AbstractCallSite.java:141)
	at org.codehaus.gant.GantBinding$_initializeGantBinding_closure5_closure16_closure18.doCall(GantBinding.groovy)
	at sun.reflect.GeneratedMethodAccessor159.invoke(Unknown Source)
	at sun.reflect.DelegatingMethodAccessorImpl.invoke(DelegatingMethodAccessorImpl.java:43)
	at java.lang.reflect.Method.invoke(Method.java:601)
	at com.springsource.loaded.ri.ReflectiveInterceptor.jlrMethodInvoke(ReflectiveInterceptor.java:1237)
	at org.codehaus.groovy.reflection.CachedMethod.invoke(CachedMethod.java:90)
	at groovy.lang.MetaMethod.doMethodInvoke(MetaMethod.java:233)
	at groovy.lang.MetaClassImpl.invokeMethod(MetaClassImpl.java:1071)
	at groovy.lang.ExpandoMetaClass.invokeMethod(ExpandoMetaClass.java:1110)
	at groovy.lang.MetaClassImpl.invokeMethod(MetaClassImpl.java:901)
	at groovy.lang.Closure.call(Closure.java:415)
	at groovy.lang.Closure.call(Closure.java:409)
	at java_util_concurrent_Callable$call.call(Unknown Source)
	at org.codehaus.gant.GantBinding.withTargetEvent(GantBinding.groovy:90)
	at org.codehaus.gant.GantBinding.this$4$withTargetEvent(GantBinding.groovy)
	at sun.reflect.GeneratedMethodAccessor154.invoke(Unknown Source)
	at sun.reflect.DelegatingMethodAccessorImpl.invoke(DelegatingMethodAccessorImpl.java:43)
	at java.lang.reflect.Method.invoke(Method.java:601)
	at com.springsource.loaded.ri.ReflectiveInterceptor.jlrMethodInvoke(ReflectiveInterceptor.java:1237)
	at org.codehaus.groovy.reflection.CachedMethod.invoke(CachedMethod.java:90)
	at groovy.lang.MetaMethod.doMethodInvoke(MetaMethod.java:233)
	at groovy.lang.MetaClassImpl.invokeMethod(MetaClassImpl.java:1071)
	at groovy.lang.ExpandoMetaClass.invokeMethod(ExpandoMetaClass.java:1110)
	at groovy.lang.MetaClassImpl.invokeMethod(MetaClassImpl.java:901)
	at groovy.lang.MetaClassImpl.invokeMethod(MetaClassImpl.java:1016)
	at groovy.lang.ExpandoMetaClass.invokeMethod(ExpandoMetaClass.java:1110)
	at groovy.lang.MetaClassImpl.invokeMethod(MetaClassImpl.java:901)
	at groovy.lang.MetaClassImpl.invokeMethod(MetaClassImpl.java:721)
	at groovy.lang.GroovyObjectSupport.invokeMethod(GroovyObjectSupport.java:44)
	at groovy.lang.MetaClassImpl.invokeMethodOnGroovyObject(MetaClassImpl.java:1136)
	at groovy.lang.MetaClassImpl.invokeMethod(MetaClassImpl.java:1030)
	at groovy.lang.ExpandoMetaClass.invokeMethod(ExpandoMetaClass.java:1110)
	at groovy.lang.MetaClassImpl.invokeMethod(MetaClassImpl.java:901)
	at org.codehaus.groovy.runtime.callsite.PogoMetaClassSite.callCurrent(PogoMetaClassSite.java:66)
	at org.codehaus.groovy.runtime.callsite.AbstractCallSite.callCurrent(AbstractCallSite.java:149)
	at org.codehaus.gant.GantBinding$_initializeGantBinding_closure5_closure16.doCall(GantBinding.groovy:185)
	at sun.reflect.GeneratedMethodAccessor153.invoke(Unknown Source)
	at sun.reflect.DelegatingMethodAccessorImpl.invoke(DelegatingMethodAccessorImpl.java:43)
	at java.lang.reflect.Method.invoke(Method.java:601)
	at com.springsource.loaded.ri.ReflectiveInterceptor.jlrMethodInvoke(ReflectiveInterceptor.java:1237)
	at org.codehaus.groovy.runtime.callsite.PogoMetaMethodSite$PogoCachedMethodSite.invoke(PogoMetaMethodSite.java:231)
	at org.codehaus.groovy.runtime.callsite.PogoMetaMethodSite.callCurrent(PogoMetaMethodSite.java:52)
	at org.codehaus.groovy.runtime.callsite.AbstractCallSite.callCurrent(AbstractCallSite.java:141)
	at org.codehaus.gant.GantBinding$_initializeGantBinding_closure5_closure16.doCall(GantBinding.groovy)
	at sun.reflect.GeneratedMethodAccessor152.invoke(Unknown Source)
	at sun.reflect.DelegatingMethodAccessorImpl.invoke(DelegatingMethodAccessorImpl.java:43)
	at java.lang.reflect.Method.invoke(Method.java:601)
	at com.springsource.loaded.ri.ReflectiveInterceptor.jlrMethodInvoke(ReflectiveInterceptor.java:1237)
	at org.codehaus.groovy.reflection.CachedMethod.invoke(CachedMethod.java:90)
	at groovy.lang.MetaMethod.doMethodInvoke(MetaMethod.java:233)
	at groovy.lang.MetaClassImpl.invokeMethod(MetaClassImpl.java:1071)
	at groovy.lang.ExpandoMetaClass.invokeMethod(ExpandoMetaClass.java:1110)
	at groovy.lang.MetaClassImpl.invokeMethod(MetaClassImpl.java:901)
	at groovy.lang.Closure.call(Closure.java:415)
	at groovy.lang.Closure.call(Closure.java:409)
	at java_util_concurrent_Callable$call.call(Unknown Source)
	at gant.Gant$_dispatch_closure5.doCall(Gant.groovy:381)
	at sun.reflect.NativeMethodAccessorImpl.invoke0(Native Method)
	at sun.reflect.NativeMethodAccessorImpl.invoke(NativeMethodAccessorImpl.java:57)
	at sun.reflect.DelegatingMethodAccessorImpl.invoke(DelegatingMethodAccessorImpl.java:43)
	at java.lang.reflect.Method.invoke(Method.java:601)
	at com.springsource.loaded.ri.ReflectiveInterceptor.jlrMethodInvoke(ReflectiveInterceptor.java:1237)
	at org.codehaus.groovy.reflection.CachedMethod.invoke(CachedMethod.java:90)
	at groovy.lang.MetaMethod.doMethodInvoke(MetaMethod.java:233)
	at groovy.lang.MetaClassImpl.invokeMethod(MetaClassImpl.java:1071)
	at groovy.lang.ExpandoMetaClass.invokeMethod(ExpandoMetaClass.java:1110)
	at groovy.lang.MetaClassImpl.invokeMethod(MetaClassImpl.java:901)
	at groovy.lang.Closure.call(Closure.java:415)
	at groovy.lang.Closure.call(Closure.java:428)
	at groovy.lang.Closure$call.call(Unknown Source)
	at gant.Gant$_dispatch_closure7.doCall(Gant.groovy:415)
	at sun.reflect.NativeMethodAccessorImpl.invoke0(Native Method)
	at sun.reflect.NativeMethodAccessorImpl.invoke(NativeMethodAccessorImpl.java:57)
	at sun.reflect.DelegatingMethodAccessorImpl.invoke(DelegatingMethodAccessorImpl.java:43)
	at java.lang.reflect.Method.invoke(Method.java:601)
	at com.springsource.loaded.ri.ReflectiveInterceptor.jlrMethodInvoke(ReflectiveInterceptor.java:1237)
	at org.codehaus.groovy.runtime.callsite.PogoMetaMethodSite$PogoCachedMethodSite.invoke(PogoMetaMethodSite.java:231)
	at org.codehaus.groovy.runtime.callsite.PogoMetaMethodSite.callCurrent(PogoMetaMethodSite.java:52)
	at org.codehaus.groovy.runtime.callsite.AbstractCallSite.callCurrent(AbstractCallSite.java:141)
	at gant.Gant$_dispatch_closure7.doCall(Gant.groovy)
	at sun.reflect.NativeMethodAccessorImpl.invoke0(Native Method)
	at sun.reflect.NativeMethodAccessorImpl.invoke(NativeMethodAccessorImpl.java:57)
	at sun.reflect.DelegatingMethodAccessorImpl.invoke(DelegatingMethodAccessorImpl.java:43)
	at java.lang.reflect.Method.invoke(Method.java:601)
	at com.springsource.loaded.ri.ReflectiveInterceptor.jlrMethodInvoke(ReflectiveInterceptor.java:1237)
	at org.codehaus.groovy.reflection.CachedMethod.invoke(CachedMethod.java:90)
	at groovy.lang.MetaMethod.doMethodInvoke(MetaMethod.java:233)
	at groovy.lang.MetaClassImpl.invokeMethod(MetaClassImpl.java:1071)
	at groovy.lang.ExpandoMetaClass.invokeMethod(ExpandoMetaClass.java:1110)
	at groovy.lang.MetaClassImpl.invokeMethod(MetaClassImpl.java:901)
	at groovy.lang.Closure.call(Closure.java:415)
	at groovy.lang.Closure.call(Closure.java:409)
	at java_util_concurrent_Callable$call.call(Unknown Source)
	at gant.Gant.withBuildListeners(Gant.groovy:427)
	at gant.Gant.this$2$withBuildListeners(Gant.groovy)
	at gant.Gant$this$2$withBuildListeners.callCurrent(Unknown Source)
	at org.codehaus.groovy.runtime.callsite.CallSiteArray.defaultCallCurrent(CallSiteArray.java:46)
	at gant.Gant$this$2$withBuildListeners.callCurrent(Unknown Source)
	at gant.Gant.dispatch(Gant.groovy:415)
	at gant.Gant.this$2$dispatch(Gant.groovy)
	at sun.reflect.NativeMethodAccessorImpl.invoke0(Native Method)
	at sun.reflect.NativeMethodAccessorImpl.invoke(NativeMethodAccessorImpl.java:57)
	at sun.reflect.DelegatingMethodAccessorImpl.invoke(DelegatingMethodAccessorImpl.java:43)
	at java.lang.reflect.Method.invoke(Method.java:601)
	at com.springsource.loaded.ri.ReflectiveInterceptor.jlrMethodInvoke(ReflectiveInterceptor.java:1237)
	at org.codehaus.groovy.reflection.CachedMethod.invoke(CachedMethod.java:90)
	at groovy.lang.MetaMethod.doMethodInvoke(MetaMethod.java:233)
	at groovy.lang.MetaClassImpl.invokeMethod(MetaClassImpl.java:1071)
	at groovy.lang.ExpandoMetaClass.invokeMethod(ExpandoMetaClass.java:1110)
	at groovy.lang.MetaClassImpl.invokeMethod(MetaClassImpl.java:901)
	at groovy.lang.MetaClassImpl.invokeMethod(MetaClassImpl.java:723)
	at gant.Gant.invokeMethod(Gant.groovy)
	at groovy.lang.GroovyObject$invokeMethod.callCurrent(Unknown Source)
	at org.codehaus.groovy.runtime.callsite.CallSiteArray.defaultCallCurrent(CallSiteArray.java:46)
	at groovy.lang.GroovyObject$invokeMethod.callCurrent(Unknown Source)
	at gant.Gant.executeTargets(Gant.groovy:591)
	at sun.reflect.NativeMethodAccessorImpl.invoke0(Native Method)
	at sun.reflect.NativeMethodAccessorImpl.invoke(NativeMethodAccessorImpl.java:57)
	at sun.reflect.DelegatingMethodAccessorImpl.invoke(DelegatingMethodAccessorImpl.java:43)
	at java.lang.reflect.Method.invoke(Method.java:601)
	at com.springsource.loaded.ri.ReflectiveInterceptor.jlrMethodInvoke(ReflectiveInterceptor.java:1237)
	at org.codehaus.groovy.runtime.callsite.PogoMetaMethodSite$PogoCachedMethodSite.invoke(PogoMetaMethodSite.java:231)
	at org.codehaus.groovy.runtime.callsite.PogoMetaMethodSite.callCurrent(PogoMetaMethodSite.java:52)
	at org.codehaus.groovy.runtime.callsite.CallSiteArray.defaultCallCurrent(CallSiteArray.java:46)
	at org.codehaus.groovy.runtime.callsite.PogoMetaMethodSite.callCurrent(PogoMetaMethodSite.java:57)
	at org.codehaus.groovy.runtime.callsite.AbstractCallSite.callCurrent(AbstractCallSite.java:145)
	at gant.Gant.executeTargets(Gant.groovy:590)
	at org.codehaus.groovy.grails.cli.GrailsScriptRunner.executeWithGantInstance(GrailsScriptRunner.java:748)
	at org.codehaus.groovy.grails.cli.GrailsScriptRunner.executeScriptFile(GrailsScriptRunner.java:551)
	at org.codehaus.groovy.grails.cli.GrailsScriptRunner.executeScriptWithCaching(GrailsScriptRunner.java:452)
	at org.codehaus.groovy.grails.cli.GrailsScriptRunner.executeScriptWithCaching(GrailsScriptRunner.java:403)
	at org.codehaus.groovy.grails.cli.GrailsScriptRunner$executeScriptWithCaching.call(Unknown Source)
	at org.codehaus.groovy.grails.cli.interactive.InteractiveMode.parseAndExecute(InteractiveMode.groovy:272)
	at org.codehaus.groovy.grails.cli.interactive.InteractiveMode$parseAndExecute.callCurrent(Unknown Source)
	at org.codehaus.groovy.grails.cli.interactive.InteractiveMode.run(InteractiveMode.groovy:135)
	at org.codehaus.groovy.grails.cli.GrailsScriptRunner.main(GrailsScriptRunner.java:222)
	at sun.reflect.NativeMethodAccessorImpl.invoke0(Native Method)
	at sun.reflect.NativeMethodAccessorImpl.invoke(NativeMethodAccessorImpl.java:57)
	at sun.reflect.DelegatingMethodAccessorImpl.invoke(DelegatingMethodAccessorImpl.java:43)
	at java.lang.reflect.Method.invoke(Method.java:601)
	at com.springsource.loaded.ri.ReflectiveInterceptor.jlrMethodInvoke(ReflectiveInterceptor.java:1231)
	at org.codehaus.groovy.grails.cli.support.GrailsStarter.rootLoader(GrailsStarter.java:234)
	at org.codehaus.groovy.grails.cli.support.GrailsStarter.main(GrailsStarter.java:262)
	at sun.reflect.NativeMethodAccessorImpl.invoke0(Native Method)
	at sun.reflect.NativeMethodAccessorImpl.invoke(NativeMethodAccessorImpl.java:57)
	at sun.reflect.DelegatingMethodAccessorImpl.invoke(DelegatingMethodAccessorImpl.java:43)
	at java.lang.reflect.Method.invoke(Method.java:601)
	at com.springsource.loaded.ri.ReflectiveInterceptor.jlrMethodInvoke(ReflectiveInterceptor.java:1231)
	at org.codehaus.groovy.grails.cli.support.GrailsStarter.rootLoader(GrailsStarter.java:234)
	at org.codehaus.groovy.grails.cli.support.GrailsStarter.main(GrailsStarter.java:262)
2012-11-26 14:03:54,940 [main] ERROR StackTrace  - Full Stack Trace:
java.lang.IllegalArgumentException: Parameter for constraint [inList] of property [album] of class [class ar.com.asambleacristiana.Song] must implement the interface [java.util.List]
	at ar.com.asambleacristiana.Song$__clinit__closure1$$ENptZp8x.doCall(Song.groovy:12)
	at SimpleTemplateScript23.run(SimpleTemplateScript23.groovy:30)
	at _GrailsGenerate_groovy.generateForDomainClass(_GrailsGenerate_groovy:83)
	at _GrailsGenerate_groovy$_run_closure1.doCall(_GrailsGenerate_groovy:48)
	at GenerateAll$_run_closure1.doCall(GenerateAll.groovy:42)
2012-11-26 14:03:54,940 [main] ERROR StackTrace  - Full Stack Trace:
java.lang.IllegalArgumentException: Parameter for constraint [inList] of property [album] of class [class ar.com.asambleacristiana.Song] must implement the interface [java.util.List]
	at ar.com.asambleacristiana.Song$__clinit__closure1$$ENptZp8x.doCall(Song.groovy:12)
	at SimpleTemplateScript23.run(SimpleTemplateScript23.groovy:30)
	at _GrailsGenerate_groovy.generateForDomainClass(_GrailsGenerate_groovy:83)
	at _GrailsGenerate_groovy$_run_closure1.doCall(_GrailsGenerate_groovy:48)
	at GenerateAll$_run_closure1.doCall(GenerateAll.groovy:42)
2012-11-26 14:03:54,940 [main] ERROR StackTrace  - Full Stack Trace:
java.lang.IllegalArgumentException: Parameter for constraint [inList] of property [album] of class [class ar.com.asambleacristiana.Song] must implement the interface [java.util.List]
	at ar.com.asambleacristiana.Song$__clinit__closure1$$ENptZp8x.doCall(Song.groovy:12)
	at SimpleTemplateScript23.run(SimpleTemplateScript23.groovy:30)
	at _GrailsGenerate_groovy.generateForDomainClass(_GrailsGenerate_groovy:83)
	at _GrailsGenerate_groovy$_run_closure1.doCall(_GrailsGenerate_groovy:48)
	at GenerateAll$_run_closure1.doCall(GenerateAll.groovy:42)
2012-11-26 14:32:45,678 [localhost-startStop-2] ERROR StackTrace  - Full Stack Trace:
java.io.FileNotFoundException: C:\Users\Salerno\.grails\2.1.1\projects\banda\tomcat\work\Tomcat\localhost\banda\SESSIONS.ser (El sistema no puede encontrar la ruta especificada)
	at java.io.FileOutputStream.open(Native Method)
	at java.io.FileOutputStream.<init>(FileOutputStream.java:212)
	at java.io.FileOutputStream.<init>(FileOutputStream.java:104)
	at org.apache.catalina.session.StandardManager.doUnload(StandardManager.java:386)
	at org.apache.catalina.session.StandardManager.unload(StandardManager.java:353)
	at org.apache.catalina.session.StandardManager.stopInternal(StandardManager.java:518)
	at org.apache.catalina.util.LifecycleBase.stop(LifecycleBase.java:232)
	at org.apache.catalina.core.StandardContext.stopInternal(StandardContext.java:5474)
	at org.apache.catalina.util.LifecycleBase.stop(LifecycleBase.java:232)
	at org.apache.catalina.core.ContainerBase$StopChild.call(ContainerBase.java:1575)
	at org.apache.catalina.core.ContainerBase$StopChild.call(ContainerBase.java:1564)
	at java.util.concurrent.FutureTask$Sync.innerRun(FutureTask.java:334)
	at java.util.concurrent.FutureTask.run(FutureTask.java:166)
	at java.util.concurrent.ThreadPoolExecutor.runWorker(ThreadPoolExecutor.java:1110)
	at java.util.concurrent.ThreadPoolExecutor$Worker.run(ThreadPoolExecutor.java:603)
	at java.lang.Thread.run(Thread.java:722)
2012-11-26 14:32:45,694 [localhost-startStop-2] ERROR StackTrace  - Full Stack Trace:
java.io.FileNotFoundException: C:\Users\Salerno\.grails\2.1.1\projects\banda\tomcat\work\Tomcat\localhost\banda\SESSIONS.ser (El sistema no puede encontrar la ruta especificada)
	at java.io.FileOutputStream.<init>(FileOutputStream.java:212)
	at java.io.FileOutputStream.<init>(FileOutputStream.java:104)
	at java.util.concurrent.FutureTask$Sync.innerRun(FutureTask.java:334)
	at java.util.concurrent.FutureTask.run(FutureTask.java:166)
	at java.util.concurrent.ThreadPoolExecutor.runWorker(ThreadPoolExecutor.java:1110)
	at java.util.concurrent.ThreadPoolExecutor$Worker.run(ThreadPoolExecutor.java:603)
	at java.lang.Thread.run(Thread.java:722)
2012-11-26 14:32:45,694 [localhost-startStop-2] ERROR StackTrace  - Full Stack Trace:
java.lang.NumberFormatException: For input string: "1B"
	at java.lang.NumberFormatException.forInputString(NumberFormatException.java:65)
	at java.lang.Integer.parseInt(Integer.java:492)
	at java.lang.Integer.<init>(Integer.java:677)
	at org.fusesource.jansi.AnsiOutputStream.write(AnsiOutputStream.java:114)
	at java.io.FilterOutputStream.write(FilterOutputStream.java:125)
	at java.io.PrintStream.write(PrintStream.java:480)
	at sun.nio.cs.StreamEncoder.writeBytes(StreamEncoder.java:221)
	at sun.nio.cs.StreamEncoder.implFlushBuffer(StreamEncoder.java:291)
	at sun.nio.cs.StreamEncoder.flushBuffer(StreamEncoder.java:104)
	at java.io.OutputStreamWriter.flushBuffer(OutputStreamWriter.java:185)
	at java.io.PrintStream.write(PrintStream.java:527)
	at java.io.PrintStream.print(PrintStream.java:669)
	at grails.build.logging.GrailsConsole.showPrompt(GrailsConsole.java:670)
	at grails.build.logging.GrailsConsole.showPrompt(GrailsConsole.java:692)
	at grails.build.logging.GrailsConsole.postPrintMessage(GrailsConsole.java:467)
	at grails.build.logging.GrailsConsole.error(GrailsConsole.java:800)
	at grails.build.logging.GrailsConsole.error(GrailsConsole.java:487)
	at org.codehaus.groovy.grails.plugins.log4j.appenders.GrailsConsoleAppender.append(GrailsConsoleAppender.java:61)
	at org.apache.log4j.AppenderSkeleton.doAppend(AppenderSkeleton.java:251)
	at org.apache.log4j.helpers.AppenderAttachableImpl.appendLoopOnAppenders(AppenderAttachableImpl.java:66)
	at org.apache.log4j.Category.callAppenders(Category.java:206)
	at org.apache.log4j.Category.forcedLog(Category.java:391)
	at org.apache.log4j.Category.log(Category.java:856)
	at org.apache.juli.logging.impl.Log4JLogger.error(Log4JLogger.java:257)
	at org.apache.catalina.session.StandardManager.doUnload(StandardManager.java:391)
	at org.apache.catalina.session.StandardManager.unload(StandardManager.java:353)
	at org.apache.catalina.session.StandardManager.stopInternal(StandardManager.java:518)
	at org.apache.catalina.util.LifecycleBase.stop(LifecycleBase.java:232)
	at org.apache.catalina.core.StandardContext.stopInternal(StandardContext.java:5474)
	at org.apache.catalina.util.LifecycleBase.stop(LifecycleBase.java:232)
	at org.apache.catalina.core.ContainerBase$StopChild.call(ContainerBase.java:1575)
	at org.apache.catalina.core.ContainerBase$StopChild.call(ContainerBase.java:1564)
	at java.util.concurrent.FutureTask$Sync.innerRun(FutureTask.java:334)
	at java.util.concurrent.FutureTask.run(FutureTask.java:166)
	at java.util.concurrent.ThreadPoolExecutor.runWorker(ThreadPoolExecutor.java:1110)
	at java.util.concurrent.ThreadPoolExecutor$Worker.run(ThreadPoolExecutor.java:603)
	at java.lang.Thread.run(Thread.java:722)
2012-11-26 14:32:45,694 [localhost-startStop-2] ERROR StackTrace  - Full Stack Trace:
java.lang.NumberFormatException: For input string: "1B"
	at java.lang.NumberFormatException.forInputString(NumberFormatException.java:65)
	at java.lang.Integer.parseInt(Integer.java:492)
	at java.lang.Integer.<init>(Integer.java:677)
	at org.fusesource.jansi.AnsiOutputStream.write(AnsiOutputStream.java:114)
	at java.io.FilterOutputStream.write(FilterOutputStream.java:125)
	at java.io.PrintStream.write(PrintStream.java:480)
	at java.io.OutputStreamWriter.flushBuffer(OutputStreamWriter.java:185)
	at java.io.PrintStream.write(PrintStream.java:527)
	at java.io.PrintStream.print(PrintStream.java:669)
	at grails.build.logging.GrailsConsole.showPrompt(GrailsConsole.java:670)
	at grails.build.logging.GrailsConsole.showPrompt(GrailsConsole.java:692)
	at grails.build.logging.GrailsConsole.postPrintMessage(GrailsConsole.java:467)
	at grails.build.logging.GrailsConsole.error(GrailsConsole.java:800)
	at grails.build.logging.GrailsConsole.error(GrailsConsole.java:487)
	at org.apache.log4j.AppenderSkeleton.doAppend(AppenderSkeleton.java:251)
	at org.apache.log4j.helpers.AppenderAttachableImpl.appendLoopOnAppenders(AppenderAttachableImpl.java:66)
	at org.apache.log4j.Category.callAppenders(Category.java:206)
	at org.apache.log4j.Category.forcedLog(Category.java:391)
	at org.apache.log4j.Category.log(Category.java:856)
	at org.apache.juli.logging.impl.Log4JLogger.error(Log4JLogger.java:257)
	at java.util.concurrent.FutureTask$Sync.innerRun(FutureTask.java:334)
	at java.util.concurrent.FutureTask.run(FutureTask.java:166)
	at java.util.concurrent.ThreadPoolExecutor.runWorker(ThreadPoolExecutor.java:1110)
	at java.util.concurrent.ThreadPoolExecutor$Worker.run(ThreadPoolExecutor.java:603)
	at java.lang.Thread.run(Thread.java:722)
2012-11-26 14:32:45,709 [Tomcat-startStop-2] ERROR StackTrace  - Full Stack Trace:
java.util.concurrent.ExecutionException: org.apache.catalina.LifecycleException: Failed to stop component [StandardEngine[Tomcat].StandardHost[localhost].StandardContext[/banda]]
	at java.util.concurrent.FutureTask$Sync.innerGet(FutureTask.java:252)
	at java.util.concurrent.FutureTask.get(FutureTask.java:111)
	at org.apache.catalina.core.ContainerBase.stopInternal(ContainerBase.java:1179)
	at org.apache.catalina.util.LifecycleBase.stop(LifecycleBase.java:232)
	at org.apache.catalina.core.ContainerBase$StopChild.call(ContainerBase.java:1575)
	at org.apache.catalina.core.ContainerBase$StopChild.call(ContainerBase.java:1564)
	at java.util.concurrent.FutureTask$Sync.innerRun(FutureTask.java:334)
	at java.util.concurrent.FutureTask.run(FutureTask.java:166)
	at java.util.concurrent.ThreadPoolExecutor.runWorker(ThreadPoolExecutor.java:1110)
	at java.util.concurrent.ThreadPoolExecutor$Worker.run(ThreadPoolExecutor.java:603)
	at java.lang.Thread.run(Thread.java:722)
Caused by: org.apache.catalina.LifecycleException: Failed to stop component [StandardEngine[Tomcat].StandardHost[localhost].StandardContext[/banda]]
	at org.apache.catalina.util.LifecycleBase.stop(LifecycleBase.java:236)
	... 7 more
Caused by: org.apache.catalina.LifecycleException: Failed to stop component [org.apache.catalina.session.StandardManager[/banda]]
	at org.apache.catalina.util.LifecycleBase.stop(LifecycleBase.java:236)
	at org.apache.catalina.core.StandardContext.stopInternal(StandardContext.java:5474)
	at org.apache.catalina.util.LifecycleBase.stop(LifecycleBase.java:232)
	... 7 more
Caused by: java.lang.NumberFormatException: For input string: "1B"
	at java.lang.NumberFormatException.forInputString(NumberFormatException.java:65)
	at java.lang.Integer.parseInt(Integer.java:492)
	at java.lang.Integer.<init>(Integer.java:677)
	at org.fusesource.jansi.AnsiOutputStream.write(AnsiOutputStream.java:114)
	at java.io.FilterOutputStream.write(FilterOutputStream.java:125)
	at java.io.PrintStream.write(PrintStream.java:480)
	at sun.nio.cs.StreamEncoder.writeBytes(StreamEncoder.java:221)
	at sun.nio.cs.StreamEncoder.implWrite(StreamEncoder.java:282)
	at sun.nio.cs.StreamEncoder.write(StreamEncoder.java:125)
	at java.io.OutputStreamWriter.write(OutputStreamWriter.java:207)
	at java.io.BufferedWriter.flushBuffer(BufferedWriter.java:129)
	at java.io.PrintStream.write(PrintStream.java:526)
	at java.io.PrintStream.print(PrintStream.java:669)
	at grails.build.logging.GrailsConsole.showPrompt(GrailsConsole.java:670)
	at grails.build.logging.GrailsConsole.showPrompt(GrailsConsole.java:692)
	at grails.build.logging.GrailsConsole.postPrintMessage(GrailsConsole.java:467)
	at grails.build.logging.GrailsConsole.error(GrailsConsole.java:800)
	at grails.build.logging.GrailsConsole.error(GrailsConsole.java:487)
	at org.codehaus.groovy.grails.plugins.log4j.appenders.GrailsConsoleAppender.append(GrailsConsoleAppender.java:61)
	at org.apache.log4j.AppenderSkeleton.doAppend(AppenderSkeleton.java:251)
	at org.apache.log4j.helpers.AppenderAttachableImpl.appendLoopOnAppenders(AppenderAttachableImpl.java:66)
	at org.apache.log4j.Category.callAppenders(Category.java:206)
	at org.apache.log4j.Category.forcedLog(Category.java:391)
	at org.apache.log4j.Category.log(Category.java:856)
	at org.apache.juli.logging.impl.Log4JLogger.error(Log4JLogger.java:257)
	at org.apache.catalina.session.StandardManager.stopInternal(StandardManager.java:521)
	at org.apache.catalina.util.LifecycleBase.stop(LifecycleBase.java:232)
	... 9 more
2012-11-26 14:32:45,709 [Tomcat-startStop-2] ERROR StackTrace  - Full Stack Trace:
org.apache.catalina.LifecycleException: Failed to stop component [StandardEngine[Tomcat].StandardHost[localhost].StandardContext[/banda]]
	at org.apache.catalina.util.LifecycleBase.stop(LifecycleBase.java:236)
	at org.apache.catalina.core.ContainerBase$StopChild.call(ContainerBase.java:1575)
	at org.apache.catalina.core.ContainerBase$StopChild.call(ContainerBase.java:1564)
	at java.util.concurrent.FutureTask$Sync.innerRun(FutureTask.java:334)
	at java.util.concurrent.FutureTask.run(FutureTask.java:166)
	at java.util.concurrent.ThreadPoolExecutor.runWorker(ThreadPoolExecutor.java:1110)
	at java.util.concurrent.ThreadPoolExecutor$Worker.run(ThreadPoolExecutor.java:603)
	at java.lang.Thread.run(Thread.java:722)
Caused by: org.apache.catalina.LifecycleException: Failed to stop component [org.apache.catalina.session.StandardManager[/banda]]
	at org.apache.catalina.util.LifecycleBase.stop(LifecycleBase.java:236)
	at org.apache.catalina.core.StandardContext.stopInternal(StandardContext.java:5474)
	at org.apache.catalina.util.LifecycleBase.stop(LifecycleBase.java:232)
	... 7 more
Caused by: java.lang.NumberFormatException: For input string: "1B"
	at java.lang.NumberFormatException.forInputString(NumberFormatException.java:65)
	at java.lang.Integer.parseInt(Integer.java:492)
	at java.lang.Integer.<init>(Integer.java:677)
	at org.fusesource.jansi.AnsiOutputStream.write(AnsiOutputStream.java:114)
	at java.io.FilterOutputStream.write(FilterOutputStream.java:125)
	at java.io.PrintStream.write(PrintStream.java:480)
	at sun.nio.cs.StreamEncoder.writeBytes(StreamEncoder.java:221)
	at sun.nio.cs.StreamEncoder.implWrite(StreamEncoder.java:282)
	at sun.nio.cs.StreamEncoder.write(StreamEncoder.java:125)
	at java.io.OutputStreamWriter.write(OutputStreamWriter.java:207)
	at java.io.BufferedWriter.flushBuffer(BufferedWriter.java:129)
	at java.io.PrintStream.write(PrintStream.java:526)
	at java.io.PrintStream.print(PrintStream.java:669)
	at grails.build.logging.GrailsConsole.showPrompt(GrailsConsole.java:670)
	at grails.build.logging.GrailsConsole.showPrompt(GrailsConsole.java:692)
	at grails.build.logging.GrailsConsole.postPrintMessage(GrailsConsole.java:467)
	at grails.build.logging.GrailsConsole.error(GrailsConsole.java:800)
	at grails.build.logging.GrailsConsole.error(GrailsConsole.java:487)
	at org.codehaus.groovy.grails.plugins.log4j.appenders.GrailsConsoleAppender.append(GrailsConsoleAppender.java:61)
	at org.apache.log4j.AppenderSkeleton.doAppend(AppenderSkeleton.java:251)
	at org.apache.log4j.helpers.AppenderAttachableImpl.appendLoopOnAppenders(AppenderAttachableImpl.java:66)
	at org.apache.log4j.Category.callAppenders(Category.java:206)
	at org.apache.log4j.Category.forcedLog(Category.java:391)
	at org.apache.log4j.Category.log(Category.java:856)
	at org.apache.juli.logging.impl.Log4JLogger.error(Log4JLogger.java:257)
	at org.apache.catalina.session.StandardManager.stopInternal(StandardManager.java:521)
	at org.apache.catalina.util.LifecycleBase.stop(LifecycleBase.java:232)
	... 9 more
2012-11-26 14:32:45,709 [Tomcat-startStop-2] ERROR StackTrace  - Full Stack Trace:
org.apache.catalina.LifecycleException: Failed to stop component [org.apache.catalina.session.StandardManager[/banda]]
	at org.apache.catalina.util.LifecycleBase.stop(LifecycleBase.java:236)
	at org.apache.catalina.core.StandardContext.stopInternal(StandardContext.java:5474)
	at org.apache.catalina.util.LifecycleBase.stop(LifecycleBase.java:232)
	at org.apache.catalina.core.ContainerBase$StopChild.call(ContainerBase.java:1575)
	at org.apache.catalina.core.ContainerBase$StopChild.call(ContainerBase.java:1564)
	at java.util.concurrent.FutureTask$Sync.innerRun(FutureTask.java:334)
	at java.util.concurrent.FutureTask.run(FutureTask.java:166)
	at java.util.concurrent.ThreadPoolExecutor.runWorker(ThreadPoolExecutor.java:1110)
	at java.util.concurrent.ThreadPoolExecutor$Worker.run(ThreadPoolExecutor.java:603)
	at java.lang.Thread.run(Thread.java:722)
Caused by: java.lang.NumberFormatException: For input string: "1B"
	at java.lang.NumberFormatException.forInputString(NumberFormatException.java:65)
	at java.lang.Integer.parseInt(Integer.java:492)
	at java.lang.Integer.<init>(Integer.java:677)
	at org.fusesource.jansi.AnsiOutputStream.write(AnsiOutputStream.java:114)
	at java.io.FilterOutputStream.write(FilterOutputStream.java:125)
	at java.io.PrintStream.write(PrintStream.java:480)
	at sun.nio.cs.StreamEncoder.writeBytes(StreamEncoder.java:221)
	at sun.nio.cs.StreamEncoder.implWrite(StreamEncoder.java:282)
	at sun.nio.cs.StreamEncoder.write(StreamEncoder.java:125)
	at java.io.OutputStreamWriter.write(OutputStreamWriter.java:207)
	at java.io.BufferedWriter.flushBuffer(BufferedWriter.java:129)
	at java.io.PrintStream.write(PrintStream.java:526)
	at java.io.PrintStream.print(PrintStream.java:669)
	at grails.build.logging.GrailsConsole.showPrompt(GrailsConsole.java:670)
	at grails.build.logging.GrailsConsole.showPrompt(GrailsConsole.java:692)
	at grails.build.logging.GrailsConsole.postPrintMessage(GrailsConsole.java:467)
	at grails.build.logging.GrailsConsole.error(GrailsConsole.java:800)
	at grails.build.logging.GrailsConsole.error(GrailsConsole.java:487)
	at org.codehaus.groovy.grails.plugins.log4j.appenders.GrailsConsoleAppender.append(GrailsConsoleAppender.java:61)
	at org.apache.log4j.AppenderSkeleton.doAppend(AppenderSkeleton.java:251)
	at org.apache.log4j.helpers.AppenderAttachableImpl.appendLoopOnAppenders(AppenderAttachableImpl.java:66)
	at org.apache.log4j.Category.callAppenders(Category.java:206)
	at org.apache.log4j.Category.forcedLog(Category.java:391)
	at org.apache.log4j.Category.log(Category.java:856)
	at org.apache.juli.logging.impl.Log4JLogger.error(Log4JLogger.java:257)
	at org.apache.catalina.session.StandardManager.stopInternal(StandardManager.java:521)
	at org.apache.catalina.util.LifecycleBase.stop(LifecycleBase.java:232)
	... 9 more
2012-11-26 14:32:45,709 [Tomcat-startStop-2] ERROR StackTrace  - Full Stack Trace:
java.lang.NumberFormatException: For input string: "1B"
	at java.lang.NumberFormatException.forInputString(NumberFormatException.java:65)
	at java.lang.Integer.parseInt(Integer.java:492)
	at java.lang.Integer.<init>(Integer.java:677)
	at org.fusesource.jansi.AnsiOutputStream.write(AnsiOutputStream.java:114)
	at java.io.FilterOutputStream.write(FilterOutputStream.java:125)
	at java.io.PrintStream.write(PrintStream.java:480)
	at sun.nio.cs.StreamEncoder.writeBytes(StreamEncoder.java:221)
	at sun.nio.cs.StreamEncoder.implWrite(StreamEncoder.java:282)
	at sun.nio.cs.StreamEncoder.write(StreamEncoder.java:125)
	at java.io.OutputStreamWriter.write(OutputStreamWriter.java:207)
	at java.io.BufferedWriter.flushBuffer(BufferedWriter.java:129)
	at java.io.PrintStream.write(PrintStream.java:526)
	at java.io.PrintStream.print(PrintStream.java:669)
	at grails.build.logging.GrailsConsole.showPrompt(GrailsConsole.java:670)
	at grails.build.logging.GrailsConsole.showPrompt(GrailsConsole.java:692)
	at grails.build.logging.GrailsConsole.postPrintMessage(GrailsConsole.java:467)
	at grails.build.logging.GrailsConsole.error(GrailsConsole.java:800)
	at grails.build.logging.GrailsConsole.error(GrailsConsole.java:487)
	at org.codehaus.groovy.grails.plugins.log4j.appenders.GrailsConsoleAppender.append(GrailsConsoleAppender.java:61)
	at org.apache.log4j.AppenderSkeleton.doAppend(AppenderSkeleton.java:251)
	at org.apache.log4j.helpers.AppenderAttachableImpl.appendLoopOnAppenders(AppenderAttachableImpl.java:66)
	at org.apache.log4j.Category.callAppenders(Category.java:206)
	at org.apache.log4j.Category.forcedLog(Category.java:391)
	at org.apache.log4j.Category.log(Category.java:856)
	at org.apache.juli.logging.impl.Log4JLogger.error(Log4JLogger.java:257)
	at org.apache.catalina.session.StandardManager.stopInternal(StandardManager.java:521)
	at org.apache.catalina.util.LifecycleBase.stop(LifecycleBase.java:232)
	at org.apache.catalina.core.StandardContext.stopInternal(StandardContext.java:5474)
	at org.apache.catalina.util.LifecycleBase.stop(LifecycleBase.java:232)
	at org.apache.catalina.core.ContainerBase$StopChild.call(ContainerBase.java:1575)
	at org.apache.catalina.core.ContainerBase$StopChild.call(ContainerBase.java:1564)
	at java.util.concurrent.FutureTask$Sync.innerRun(FutureTask.java:334)
	at java.util.concurrent.FutureTask.run(FutureTask.java:166)
	at java.util.concurrent.ThreadPoolExecutor.runWorker(ThreadPoolExecutor.java:1110)
	at java.util.concurrent.ThreadPoolExecutor$Worker.run(ThreadPoolExecutor.java:603)
	at java.lang.Thread.run(Thread.java:722)
2012-11-26 14:32:45,709 [Tomcat-startStop-2] ERROR StackTrace  - Full Stack Trace:
java.util.concurrent.ExecutionException: org.apache.catalina.LifecycleException: Failed to stop component [StandardEngine[Tomcat].StandardHost[localhost].StandardContext[/banda]]
	at java.util.concurrent.FutureTask$Sync.innerGet(FutureTask.java:252)
	at java.util.concurrent.FutureTask.get(FutureTask.java:111)
	at java.util.concurrent.FutureTask$Sync.innerRun(FutureTask.java:334)
	at java.util.concurrent.FutureTask.run(FutureTask.java:166)
	at java.util.concurrent.ThreadPoolExecutor.runWorker(ThreadPoolExecutor.java:1110)
	at java.util.concurrent.ThreadPoolExecutor$Worker.run(ThreadPoolExecutor.java:603)
	at java.lang.Thread.run(Thread.java:722)
Caused by: org.apache.catalina.LifecycleException: Failed to stop component [StandardEngine[Tomcat].StandardHost[localhost].StandardContext[/banda]]
	... 5 more
Caused by: org.apache.catalina.LifecycleException: Failed to stop component [org.apache.catalina.session.StandardManager[/banda]]
	... 5 more
Caused by: java.lang.NumberFormatException: For input string: "1B"
	at java.lang.NumberFormatException.forInputString(NumberFormatException.java:65)
	at java.lang.Integer.parseInt(Integer.java:492)
	at java.lang.Integer.<init>(Integer.java:677)
	at org.fusesource.jansi.AnsiOutputStream.write(AnsiOutputStream.java:114)
	at java.io.FilterOutputStream.write(FilterOutputStream.java:125)
	at java.io.PrintStream.write(PrintStream.java:480)
	at java.io.OutputStreamWriter.write(OutputStreamWriter.java:207)
	at java.io.BufferedWriter.flushBuffer(BufferedWriter.java:129)
	at java.io.PrintStream.write(PrintStream.java:526)
	at java.io.PrintStream.print(PrintStream.java:669)
	at grails.build.logging.GrailsConsole.showPrompt(GrailsConsole.java:670)
	at grails.build.logging.GrailsConsole.showPrompt(GrailsConsole.java:692)
	at grails.build.logging.GrailsConsole.postPrintMessage(GrailsConsole.java:467)
	at grails.build.logging.GrailsConsole.error(GrailsConsole.java:800)
	at grails.build.logging.GrailsConsole.error(GrailsConsole.java:487)
	at org.apache.log4j.AppenderSkeleton.doAppend(AppenderSkeleton.java:251)
	at org.apache.log4j.helpers.AppenderAttachableImpl.appendLoopOnAppenders(AppenderAttachableImpl.java:66)
	at org.apache.log4j.Category.callAppenders(Category.java:206)
	at org.apache.log4j.Category.forcedLog(Category.java:391)
	at org.apache.log4j.Category.log(Category.java:856)
	at org.apache.juli.logging.impl.Log4JLogger.error(Log4JLogger.java:257)
	... 5 more
2012-11-26 14:32:45,741 [Thread-37] ERROR StackTrace  - Full Stack Trace:
java.util.concurrent.ExecutionException: org.apache.catalina.LifecycleException: Failed to stop component [StandardEngine[Tomcat].StandardHost[localhost]]
	at java.util.concurrent.FutureTask$Sync.innerGet(FutureTask.java:252)
	at java.util.concurrent.FutureTask.get(FutureTask.java:111)
	at org.apache.catalina.core.ContainerBase.stopInternal(ContainerBase.java:1179)
	at org.apache.catalina.util.LifecycleBase.stop(LifecycleBase.java:232)
	at org.apache.catalina.core.StandardService.stopInternal(StandardService.java:502)
	at org.apache.catalina.util.LifecycleBase.stop(LifecycleBase.java:232)
	at org.apache.catalina.core.StandardServer.stopInternal(StandardServer.java:753)
	at org.apache.catalina.util.LifecycleBase.stop(LifecycleBase.java:232)
	at org.apache.catalina.startup.Tomcat.stop(Tomcat.java:345)
	at org.apache.catalina.startup.Tomcat$stop.call(Unknown Source)
	at org.codehaus.groovy.runtime.callsite.CallSiteArray.defaultCall(CallSiteArray.java:42)
	at org.codehaus.groovy.runtime.callsite.AbstractCallSite.call(AbstractCallSite.java:108)
	at org.codehaus.groovy.runtime.callsite.AbstractCallSite.call(AbstractCallSite.java:112)
	at org.grails.plugins.tomcat.InlineExplodedTomcatServer.stop(InlineExplodedTomcatServer.groovy:143)
	at grails.web.container.EmbeddableServer$stop.call(Unknown Source)
	at org.codehaus.groovy.runtime.callsite.CallSiteArray.defaultCall(CallSiteArray.java:42)
	at org.codehaus.groovy.runtime.callsite.AbstractCallSite.call(AbstractCallSite.java:108)
	at org.codehaus.groovy.runtime.callsite.AbstractCallSite.call(AbstractCallSite.java:112)
	at _GrailsRun_groovy$_run_closure10.doCall(_GrailsRun_groovy:262)
	at sun.reflect.NativeMethodAccessorImpl.invoke0(Native Method)
	at sun.reflect.NativeMethodAccessorImpl.invoke(NativeMethodAccessorImpl.java:57)
	at sun.reflect.DelegatingMethodAccessorImpl.invoke(DelegatingMethodAccessorImpl.java:43)
	at java.lang.reflect.Method.invoke(Method.java:601)
	at com.springsource.loaded.ri.ReflectiveInterceptor.jlrMethodInvoke(ReflectiveInterceptor.java:1237)
	at org.codehaus.groovy.reflection.CachedMethod.invoke(CachedMethod.java:90)
	at groovy.lang.MetaMethod.doMethodInvoke(MetaMethod.java:233)
	at groovy.lang.MetaClassImpl.invokeMethod(MetaClassImpl.java:1071)
	at groovy.lang.ExpandoMetaClass.invokeMethod(ExpandoMetaClass.java:1110)
	at groovy.lang.MetaClassImpl.invokeMethod(MetaClassImpl.java:901)
	at groovy.lang.DelegatingMetaClass.invokeMethod(DelegatingMetaClass.java:149)
	at org.codehaus.gant.GantMetaClass.invokeMethod(GantMetaClass.java:133)
	at groovy.lang.Closure.call(Closure.java:415)
	at groovy.lang.Closure.call(Closure.java:428)
	at sun.reflect.GeneratedMethodAccessor77.invoke(Unknown Source)
	at sun.reflect.DelegatingMethodAccessorImpl.invoke(DelegatingMethodAccessorImpl.java:43)
	at java.lang.reflect.Method.invoke(Method.java:601)
	at com.springsource.loaded.ri.ReflectiveInterceptor.jlrMethodInvoke(ReflectiveInterceptor.java:1237)
	at org.codehaus.groovy.reflection.CachedMethod.invoke(CachedMethod.java:90)
	at groovy.lang.MetaMethod.doMethodInvoke(MetaMethod.java:233)
	at groovy.lang.MetaClassImpl.invokeMethod(MetaClassImpl.java:1071)
	at groovy.lang.ExpandoMetaClass.invokeMethod(ExpandoMetaClass.java:1110)
	at groovy.lang.MetaClassImpl.invokeMethod(MetaClassImpl.java:901)
	at groovy.lang.DelegatingMetaClass.invokeMethod(DelegatingMetaClass.java:149)
	at org.codehaus.gant.GantMetaClass.invokeMethod(GantMetaClass.java:133)
	at org.codehaus.groovy.runtime.callsite.PogoMetaClassSite.call(PogoMetaClassSite.java:39)
	at org.codehaus.groovy.runtime.callsite.CallSiteArray.defaultCall(CallSiteArray.java:42)
	at org.codehaus.groovy.runtime.callsite.PogoMetaClassSite.call(PogoMetaClassSite.java:54)
	at org.codehaus.groovy.runtime.callsite.AbstractCallSite.call(AbstractCallSite.java:116)
	at org.codehaus.gant.GantBinding$_initializeGantBinding_closure5_closure16_closure18.doCall(GantBinding.groovy:185)
	at sun.reflect.GeneratedMethodAccessor160.invoke(Unknown Source)
	at sun.reflect.DelegatingMethodAccessorImpl.invoke(DelegatingMethodAccessorImpl.java:43)
	at java.lang.reflect.Method.invoke(Method.java:601)
	at com.springsource.loaded.ri.ReflectiveInterceptor.jlrMethodInvoke(ReflectiveInterceptor.java:1237)
	at org.codehaus.groovy.runtime.callsite.PogoMetaMethodSite$PogoCachedMethodSite.invoke(PogoMetaMethodSite.java:231)
	at org.codehaus.groovy.runtime.callsite.PogoMetaMethodSite.callCurrent(PogoMetaMethodSite.java:52)
	at org.codehaus.groovy.runtime.callsite.AbstractCallSite.callCurrent(AbstractCallSite.java:141)
	at org.codehaus.gant.GantBinding$_initializeGantBinding_closure5_closure16_closure18.doCall(GantBinding.groovy)
	at sun.reflect.GeneratedMethodAccessor159.invoke(Unknown Source)
	at sun.reflect.DelegatingMethodAccessorImpl.invoke(DelegatingMethodAccessorImpl.java:43)
	at java.lang.reflect.Method.invoke(Method.java:601)
	at com.springsource.loaded.ri.ReflectiveInterceptor.jlrMethodInvoke(ReflectiveInterceptor.java:1237)
	at org.codehaus.groovy.reflection.CachedMethod.invoke(CachedMethod.java:90)
	at groovy.lang.MetaMethod.doMethodInvoke(MetaMethod.java:233)
	at groovy.lang.MetaClassImpl.invokeMethod(MetaClassImpl.java:1071)
	at groovy.lang.ExpandoMetaClass.invokeMethod(ExpandoMetaClass.java:1110)
	at groovy.lang.MetaClassImpl.invokeMethod(MetaClassImpl.java:901)
	at groovy.lang.Closure.call(Closure.java:415)
	at groovy.lang.Closure.call(Closure.java:409)
	at java_util_concurrent_Callable$call.call(Unknown Source)
	at org.codehaus.gant.GantBinding.withTargetEvent(GantBinding.groovy:90)
	at org.codehaus.gant.GantBinding.this$4$withTargetEvent(GantBinding.groovy)
	at sun.reflect.GeneratedMethodAccessor154.invoke(Unknown Source)
	at sun.reflect.DelegatingMethodAccessorImpl.invoke(DelegatingMethodAccessorImpl.java:43)
	at java.lang.reflect.Method.invoke(Method.java:601)
	at com.springsource.loaded.ri.ReflectiveInterceptor.jlrMethodInvoke(ReflectiveInterceptor.java:1237)
	at org.codehaus.groovy.reflection.CachedMethod.invoke(CachedMethod.java:90)
	at groovy.lang.MetaMethod.doMethodInvoke(MetaMethod.java:233)
	at groovy.lang.MetaClassImpl.invokeMethod(MetaClassImpl.java:1071)
	at groovy.lang.ExpandoMetaClass.invokeMethod(ExpandoMetaClass.java:1110)
	at groovy.lang.MetaClassImpl.invokeMethod(MetaClassImpl.java:901)
	at groovy.lang.MetaClassImpl.invokeMethod(MetaClassImpl.java:1016)
	at groovy.lang.ExpandoMetaClass.invokeMethod(ExpandoMetaClass.java:1110)
	at groovy.lang.MetaClassImpl.invokeMethod(MetaClassImpl.java:901)
	at groovy.lang.MetaClassImpl.invokeMethod(MetaClassImpl.java:721)
	at groovy.lang.GroovyObjectSupport.invokeMethod(GroovyObjectSupport.java:44)
	at groovy.lang.MetaClassImpl.invokeMethodOnGroovyObject(MetaClassImpl.java:1136)
	at groovy.lang.MetaClassImpl.invokeMethod(MetaClassImpl.java:1030)
	at groovy.lang.ExpandoMetaClass.invokeMethod(ExpandoMetaClass.java:1110)
	at groovy.lang.MetaClassImpl.invokeMethod(MetaClassImpl.java:901)
	at org.codehaus.groovy.runtime.callsite.PogoMetaClassSite.callCurrent(PogoMetaClassSite.java:66)
	at org.codehaus.groovy.runtime.callsite.AbstractCallSite.callCurrent(AbstractCallSite.java:149)
	at org.codehaus.gant.GantBinding$_initializeGantBinding_closure5_closure16.doCall(GantBinding.groovy:185)
	at sun.reflect.GeneratedMethodAccessor153.invoke(Unknown Source)
	at sun.reflect.DelegatingMethodAccessorImpl.invoke(DelegatingMethodAccessorImpl.java:43)
	at java.lang.reflect.Method.invoke(Method.java:601)
	at com.springsource.loaded.ri.ReflectiveInterceptor.jlrMethodInvoke(ReflectiveInterceptor.java:1237)
	at org.codehaus.groovy.runtime.callsite.PogoMetaMethodSite$PogoCachedMethodSite.invoke(PogoMetaMethodSite.java:231)
	at org.codehaus.groovy.runtime.callsite.PogoMetaMethodSite.callCurrent(PogoMetaMethodSite.java:52)
	at org.codehaus.groovy.runtime.callsite.AbstractCallSite.callCurrent(AbstractCallSite.java:141)
	at org.codehaus.gant.GantBinding$_initializeGantBinding_closure5_closure16.doCall(GantBinding.groovy)
	at sun.reflect.GeneratedMethodAccessor152.invoke(Unknown Source)
	at sun.reflect.DelegatingMethodAccessorImpl.invoke(DelegatingMethodAccessorImpl.java:43)
	at java.lang.reflect.Method.invoke(Method.java:601)
	at com.springsource.loaded.ri.ReflectiveInterceptor.jlrMethodInvoke(ReflectiveInterceptor.java:1237)
	at org.codehaus.groovy.reflection.CachedMethod.invoke(CachedMethod.java:90)
	at groovy.lang.MetaMethod.doMethodInvoke(MetaMethod.java:233)
	at groovy.lang.MetaClassImpl.invokeMethod(MetaClassImpl.java:1071)
	at groovy.lang.ExpandoMetaClass.invokeMethod(ExpandoMetaClass.java:1110)
	at groovy.lang.MetaClassImpl.invokeMethod(MetaClassImpl.java:901)
	at groovy.lang.Closure.call(Closure.java:415)
	at groovy.lang.Closure.call(Closure.java:409)
	at sun.reflect.GeneratedMethodAccessor192.invoke(Unknown Source)
	at sun.reflect.DelegatingMethodAccessorImpl.invoke(DelegatingMethodAccessorImpl.java:43)
	at java.lang.reflect.Method.invoke(Method.java:601)
	at com.springsource.loaded.ri.ReflectiveInterceptor.jlrMethodInvoke(ReflectiveInterceptor.java:1237)
	at org.codehaus.groovy.reflection.CachedMethod.invoke(CachedMethod.java:90)
	at groovy.lang.MetaMethod.doMethodInvoke(MetaMethod.java:233)
	at groovy.lang.MetaClassImpl.invokeMethod(MetaClassImpl.java:1071)
	at groovy.lang.ExpandoMetaClass.invokeMethod(ExpandoMetaClass.java:1110)
	at groovy.lang.MetaClassImpl.invokeMethod(MetaClassImpl.java:901)
	at groovy.lang.MetaClassImpl.invokePropertyOrMissing(MetaClassImpl.java:1117)
	at groovy.lang.MetaClassImpl.invokeMethod(MetaClassImpl.java:1073)
	at groovy.lang.ExpandoMetaClass.invokeMethod(ExpandoMetaClass.java:1110)
	at org.codehaus.groovy.runtime.ScriptBytecodeAdapter.invokeMethodOnCurrentN(ScriptBytecodeAdapter.java:78)
	at _GrailsRun_groovy.this$dist$invoke$3(_GrailsRun_groovy)
	at _GrailsRun_groovy$1.methodMissing(_GrailsRun_groovy)
	at sun.reflect.NativeMethodAccessorImpl.invoke0(Native Method)
	at sun.reflect.NativeMethodAccessorImpl.invoke(NativeMethodAccessorImpl.java:57)
	at sun.reflect.DelegatingMethodAccessorImpl.invoke(DelegatingMethodAccessorImpl.java:43)
	at java.lang.reflect.Method.invoke(Method.java:601)
	at com.springsource.loaded.ri.ReflectiveInterceptor.jlrMethodInvoke(ReflectiveInterceptor.java:1237)
	at org.codehaus.groovy.reflection.CachedMethod.invoke(CachedMethod.java:90)
	at groovy.lang.MetaClassImpl.invokeMissingMethod(MetaClassImpl.java:828)
	at groovy.lang.MetaClassImpl.invokePropertyOrMissing(MetaClassImpl.java:1120)
	at groovy.lang.MetaClassImpl.invokeMethod(MetaClassImpl.java:1073)
	at groovy.lang.ExpandoMetaClass.invokeMethod(ExpandoMetaClass.java:1110)
	at groovy.lang.MetaClassImpl.invokeMethod(MetaClassImpl.java:901)
	at org.codehaus.groovy.runtime.callsite.PogoMetaClassSite.callCurrent(PogoMetaClassSite.java:66)
	at org.codehaus.groovy.runtime.callsite.CallSiteArray.defaultCallCurrent(CallSiteArray.java:46)
	at org.codehaus.groovy.runtime.callsite.AbstractCallSite.callCurrent(AbstractCallSite.java:133)
	at org.codehaus.groovy.runtime.callsite.AbstractCallSite.callCurrent(AbstractCallSite.java:137)
	at _GrailsRun_groovy$1.actionPerformed(_GrailsRun_groovy:185)
	at jline.ConsoleReader.readLine(ConsoleReader.java:722)
	at jline.ConsoleReader.readLine(ConsoleReader.java:457)
	at grails.build.logging.GrailsConsole.readLine(GrailsConsole.java:678)
	at grails.build.logging.GrailsConsole.showPrompt(GrailsConsole.java:667)
	at grails.build.logging.GrailsConsole.showPrompt(GrailsConsole.java:692)
	at grails.build.logging.GrailsConsole$showPrompt.call(Unknown Source)
	at org.codehaus.groovy.grails.cli.interactive.InteractiveMode.showPrompt(InteractiveMode.groovy)
	at org.codehaus.groovy.grails.cli.interactive.InteractiveMode$showPrompt.callCurrent(Unknown Source)
	at org.codehaus.groovy.grails.cli.interactive.InteractiveMode.run(InteractiveMode.groovy:101)
	at org.codehaus.groovy.grails.cli.interactive.InteractiveMode$run.call(Unknown Source)
	at org.codehaus.groovy.runtime.callsite.CallSiteArray.defaultCall(CallSiteArray.java:42)
	at org.codehaus.groovy.runtime.callsite.AbstractCallSite.call(AbstractCallSite.java:108)
	at org.codehaus.groovy.runtime.callsite.AbstractCallSite.call(AbstractCallSite.java:112)
	at _GrailsRun_groovy$_run_closure8_closure13.doCall(_GrailsRun_groovy:229)
	at sun.reflect.NativeMethodAccessorImpl.invoke0(Native Method)
	at sun.reflect.NativeMethodAccessorImpl.invoke(NativeMethodAccessorImpl.java:57)
	at sun.reflect.DelegatingMethodAccessorImpl.invoke(DelegatingMethodAccessorImpl.java:43)
	at java.lang.reflect.Method.invoke(Method.java:601)
	at com.springsource.loaded.ri.ReflectiveInterceptor.jlrMethodInvoke(ReflectiveInterceptor.java:1237)
	at org.codehaus.groovy.runtime.callsite.PogoMetaMethodSite$PogoCachedMethodSite.invoke(PogoMetaMethodSite.java:231)
	at org.codehaus.groovy.runtime.callsite.PogoMetaMethodSite.callCurrent(PogoMetaMethodSite.java:52)
	at org.codehaus.groovy.runtime.callsite.CallSiteArray.defaultCallCurrent(CallSiteArray.java:46)
	at org.codehaus.groovy.runtime.callsite.AbstractCallSite.callCurrent(AbstractCallSite.java:133)
	at org.codehaus.groovy.runtime.callsite.AbstractCallSite.callCurrent(AbstractCallSite.java:141)
	at _GrailsRun_groovy$_run_closure8_closure13.doCall(_GrailsRun_groovy)
	at sun.reflect.NativeMethodAccessorImpl.invoke0(Native Method)
	at sun.reflect.NativeMethodAccessorImpl.invoke(NativeMethodAccessorImpl.java:57)
	at sun.reflect.DelegatingMethodAccessorImpl.invoke(DelegatingMethodAccessorImpl.java:43)
	at java.lang.reflect.Method.invoke(Method.java:601)
	at com.springsource.loaded.ri.ReflectiveInterceptor.jlrMethodInvoke(ReflectiveInterceptor.java:1237)
	at org.codehaus.groovy.reflection.CachedMethod.invoke(CachedMethod.java:90)
	at groovy.lang.MetaMethod.doMethodInvoke(MetaMethod.java:233)
	at groovy.lang.MetaClassImpl.invokeMethod(MetaClassImpl.java:1071)
	at groovy.lang.ExpandoMetaClass.invokeMethod(ExpandoMetaClass.java:1110)
	at groovy.lang.MetaClassImpl.invokeMethod(MetaClassImpl.java:901)
	at groovy.lang.Closure.call(Closure.java:415)
	at groovy.lang.Closure.call(Closure.java:409)
	at groovy.lang.Closure.run(Closure.java:493)
	at java.lang.Thread.run(Thread.java:722)
Caused by: org.apache.catalina.LifecycleException: Failed to stop component [StandardEngine[Tomcat].StandardHost[localhost]]
	at org.apache.catalina.util.LifecycleBase.stop(LifecycleBase.java:236)
	at org.apache.catalina.core.ContainerBase$StopChild.call(ContainerBase.java:1575)
	at org.apache.catalina.core.ContainerBase$StopChild.call(ContainerBase.java:1564)
	at java.util.concurrent.FutureTask$Sync.innerRun(FutureTask.java:334)
	at java.util.concurrent.FutureTask.run(FutureTask.java:166)
	at java.util.concurrent.ThreadPoolExecutor.runWorker(ThreadPoolExecutor.java:1110)
	at java.util.concurrent.ThreadPoolExecutor$Worker.run(ThreadPoolExecutor.java:603)
	... 1 more
Caused by: java.lang.NumberFormatException: For input string: "1B"
	at java.lang.NumberFormatException.forInputString(NumberFormatException.java:65)
	at java.lang.Integer.parseInt(Integer.java:492)
	at java.lang.Integer.<init>(Integer.java:677)
	at org.fusesource.jansi.AnsiOutputStream.write(AnsiOutputStream.java:114)
	at java.io.FilterOutputStream.write(FilterOutputStream.java:125)
	at java.io.PrintStream.write(PrintStream.java:480)
	at sun.nio.cs.StreamEncoder.writeBytes(StreamEncoder.java:221)
	at sun.nio.cs.StreamEncoder.implWrite(StreamEncoder.java:282)
	at sun.nio.cs.StreamEncoder.write(StreamEncoder.java:125)
	at java.io.OutputStreamWriter.write(OutputStreamWriter.java:207)
	at java.io.BufferedWriter.flushBuffer(BufferedWriter.java:129)
	at java.io.PrintStream.write(PrintStream.java:526)
	at java.io.PrintStream.print(PrintStream.java:669)
	at grails.build.logging.GrailsConsole.showPrompt(GrailsConsole.java:670)
	at grails.build.logging.GrailsConsole.showPrompt(GrailsConsole.java:692)
	at grails.build.logging.GrailsConsole.postPrintMessage(GrailsConsole.java:467)
	at grails.build.logging.GrailsConsole.error(GrailsConsole.java:800)
	at grails.build.logging.GrailsConsole.error(GrailsConsole.java:487)
	at org.codehaus.groovy.grails.plugins.log4j.appenders.GrailsConsoleAppender.append(GrailsConsoleAppender.java:61)
	at org.apache.log4j.AppenderSkeleton.doAppend(AppenderSkeleton.java:251)
	at org.apache.log4j.helpers.AppenderAttachableImpl.appendLoopOnAppenders(AppenderAttachableImpl.java:66)
	at org.apache.log4j.Category.callAppenders(Category.java:206)
	at org.apache.log4j.Category.forcedLog(Category.java:391)
	at org.apache.log4j.Category.log(Category.java:856)
	at org.apache.juli.logging.impl.Log4JLogger.error(Log4JLogger.java:257)
	at org.apache.catalina.core.ContainerBase.stopInternal(ContainerBase.java:1181)
	at org.apache.catalina.util.LifecycleBase.stop(LifecycleBase.java:232)
	... 7 more
2012-11-26 14:32:45,741 [Thread-37] ERROR StackTrace  - Full Stack Trace:
org.apache.catalina.LifecycleException: Failed to stop component [StandardEngine[Tomcat].StandardHost[localhost]]
	at org.apache.catalina.util.LifecycleBase.stop(LifecycleBase.java:236)
	at org.apache.catalina.core.ContainerBase$StopChild.call(ContainerBase.java:1575)
	at org.apache.catalina.core.ContainerBase$StopChild.call(ContainerBase.java:1564)
	at java.util.concurrent.FutureTask$Sync.innerRun(FutureTask.java:334)
	at java.util.concurrent.FutureTask.run(FutureTask.java:166)
	at java.util.concurrent.ThreadPoolExecutor.runWorker(ThreadPoolExecutor.java:1110)
	at java.util.concurrent.ThreadPoolExecutor$Worker.run(ThreadPoolExecutor.java:603)
	at java.lang.Thread.run(Thread.java:722)
Caused by: java.lang.NumberFormatException: For input string: "1B"
	at java.lang.NumberFormatException.forInputString(NumberFormatException.java:65)
	at java.lang.Integer.parseInt(Integer.java:492)
	at java.lang.Integer.<init>(Integer.java:677)
	at org.fusesource.jansi.AnsiOutputStream.write(AnsiOutputStream.java:114)
	at java.io.FilterOutputStream.write(FilterOutputStream.java:125)
	at java.io.PrintStream.write(PrintStream.java:480)
	at sun.nio.cs.StreamEncoder.writeBytes(StreamEncoder.java:221)
	at sun.nio.cs.StreamEncoder.implWrite(StreamEncoder.java:282)
	at sun.nio.cs.StreamEncoder.write(StreamEncoder.java:125)
	at java.io.OutputStreamWriter.write(OutputStreamWriter.java:207)
	at java.io.BufferedWriter.flushBuffer(BufferedWriter.java:129)
	at java.io.PrintStream.write(PrintStream.java:526)
	at java.io.PrintStream.print(PrintStream.java:669)
	at grails.build.logging.GrailsConsole.showPrompt(GrailsConsole.java:670)
	at grails.build.logging.GrailsConsole.showPrompt(GrailsConsole.java:692)
	at grails.build.logging.GrailsConsole.postPrintMessage(GrailsConsole.java:467)
	at grails.build.logging.GrailsConsole.error(GrailsConsole.java:800)
	at grails.build.logging.GrailsConsole.error(GrailsConsole.java:487)
	at org.codehaus.groovy.grails.plugins.log4j.appenders.GrailsConsoleAppender.append(GrailsConsoleAppender.java:61)
	at org.apache.log4j.AppenderSkeleton.doAppend(AppenderSkeleton.java:251)
	at org.apache.log4j.helpers.AppenderAttachableImpl.appendLoopOnAppenders(AppenderAttachableImpl.java:66)
	at org.apache.log4j.Category.callAppenders(Category.java:206)
	at org.apache.log4j.Category.forcedLog(Category.java:391)
	at org.apache.log4j.Category.log(Category.java:856)
	at org.apache.juli.logging.impl.Log4JLogger.error(Log4JLogger.java:257)
	at org.apache.catalina.core.ContainerBase.stopInternal(ContainerBase.java:1181)
	at org.apache.catalina.util.LifecycleBase.stop(LifecycleBase.java:232)
	... 7 more
2012-11-26 14:32:45,741 [Thread-37] ERROR StackTrace  - Full Stack Trace:
java.lang.NumberFormatException: For input string: "1B"
	at java.lang.NumberFormatException.forInputString(NumberFormatException.java:65)
	at java.lang.Integer.parseInt(Integer.java:492)
	at java.lang.Integer.<init>(Integer.java:677)
	at org.fusesource.jansi.AnsiOutputStream.write(AnsiOutputStream.java:114)
	at java.io.FilterOutputStream.write(FilterOutputStream.java:125)
	at java.io.PrintStream.write(PrintStream.java:480)
	at sun.nio.cs.StreamEncoder.writeBytes(StreamEncoder.java:221)
	at sun.nio.cs.StreamEncoder.implWrite(StreamEncoder.java:282)
	at sun.nio.cs.StreamEncoder.write(StreamEncoder.java:125)
	at java.io.OutputStreamWriter.write(OutputStreamWriter.java:207)
	at java.io.BufferedWriter.flushBuffer(BufferedWriter.java:129)
	at java.io.PrintStream.write(PrintStream.java:526)
	at java.io.PrintStream.print(PrintStream.java:669)
	at grails.build.logging.GrailsConsole.showPrompt(GrailsConsole.java:670)
	at grails.build.logging.GrailsConsole.showPrompt(GrailsConsole.java:692)
	at grails.build.logging.GrailsConsole.postPrintMessage(GrailsConsole.java:467)
	at grails.build.logging.GrailsConsole.error(GrailsConsole.java:800)
	at grails.build.logging.GrailsConsole.error(GrailsConsole.java:487)
	at org.codehaus.groovy.grails.plugins.log4j.appenders.GrailsConsoleAppender.append(GrailsConsoleAppender.java:61)
	at org.apache.log4j.AppenderSkeleton.doAppend(AppenderSkeleton.java:251)
	at org.apache.log4j.helpers.AppenderAttachableImpl.appendLoopOnAppenders(AppenderAttachableImpl.java:66)
	at org.apache.log4j.Category.callAppenders(Category.java:206)
	at org.apache.log4j.Category.forcedLog(Category.java:391)
	at org.apache.log4j.Category.log(Category.java:856)
	at org.apache.juli.logging.impl.Log4JLogger.error(Log4JLogger.java:257)
	at org.apache.catalina.core.ContainerBase.stopInternal(ContainerBase.java:1181)
	at org.apache.catalina.util.LifecycleBase.stop(LifecycleBase.java:232)
	at org.apache.catalina.core.ContainerBase$StopChild.call(ContainerBase.java:1575)
	at org.apache.catalina.core.ContainerBase$StopChild.call(ContainerBase.java:1564)
	at java.util.concurrent.FutureTask$Sync.innerRun(FutureTask.java:334)
	at java.util.concurrent.FutureTask.run(FutureTask.java:166)
	at java.util.concurrent.ThreadPoolExecutor.runWorker(ThreadPoolExecutor.java:1110)
	at java.util.concurrent.ThreadPoolExecutor$Worker.run(ThreadPoolExecutor.java:603)
	at java.lang.Thread.run(Thread.java:722)
2012-11-26 14:32:45,741 [Thread-37] ERROR StackTrace  - Full Stack Trace:
java.util.concurrent.ExecutionException: org.apache.catalina.LifecycleException: Failed to stop component [StandardEngine[Tomcat].StandardHost[localhost]]
	at java.util.concurrent.FutureTask$Sync.innerGet(FutureTask.java:252)
	at java.util.concurrent.FutureTask.get(FutureTask.java:111)
	at org.grails.plugins.tomcat.InlineExplodedTomcatServer.stop(InlineExplodedTomcatServer.groovy:143)
	at _GrailsRun_groovy$_run_closure10.doCall(_GrailsRun_groovy:262)
	at _GrailsRun_groovy$1.actionPerformed(_GrailsRun_groovy:185)
	at jline.ConsoleReader.readLine(ConsoleReader.java:722)
	at jline.ConsoleReader.readLine(ConsoleReader.java:457)
	at grails.build.logging.GrailsConsole.readLine(GrailsConsole.java:678)
	at grails.build.logging.GrailsConsole.showPrompt(GrailsConsole.java:667)
	at grails.build.logging.GrailsConsole.showPrompt(GrailsConsole.java:692)
	at _GrailsRun_groovy$_run_closure8_closure13.doCall(_GrailsRun_groovy:229)
	at java.lang.Thread.run(Thread.java:722)
Caused by: org.apache.catalina.LifecycleException: Failed to stop component [StandardEngine[Tomcat].StandardHost[localhost]]
	at java.util.concurrent.FutureTask$Sync.innerRun(FutureTask.java:334)
	at java.util.concurrent.FutureTask.run(FutureTask.java:166)
	at java.util.concurrent.ThreadPoolExecutor.runWorker(ThreadPoolExecutor.java:1110)
	at java.util.concurrent.ThreadPoolExecutor$Worker.run(ThreadPoolExecutor.java:603)
	... 1 more
Caused by: java.lang.NumberFormatException: For input string: "1B"
	at java.lang.NumberFormatException.forInputString(NumberFormatException.java:65)
	at java.lang.Integer.parseInt(Integer.java:492)
	at java.lang.Integer.<init>(Integer.java:677)
	at org.fusesource.jansi.AnsiOutputStream.write(AnsiOutputStream.java:114)
	at java.io.FilterOutputStream.write(FilterOutputStream.java:125)
	at java.io.PrintStream.write(PrintStream.java:480)
	at java.io.OutputStreamWriter.write(OutputStreamWriter.java:207)
	at java.io.BufferedWriter.flushBuffer(BufferedWriter.java:129)
	at java.io.PrintStream.write(PrintStream.java:526)
	at java.io.PrintStream.print(PrintStream.java:669)
	at grails.build.logging.GrailsConsole.showPrompt(GrailsConsole.java:670)
	at grails.build.logging.GrailsConsole.showPrompt(GrailsConsole.java:692)
	at grails.build.logging.GrailsConsole.postPrintMessage(GrailsConsole.java:467)
	at grails.build.logging.GrailsConsole.error(GrailsConsole.java:800)
	at grails.build.logging.GrailsConsole.error(GrailsConsole.java:487)
	at org.apache.log4j.AppenderSkeleton.doAppend(AppenderSkeleton.java:251)
	at org.apache.log4j.helpers.AppenderAttachableImpl.appendLoopOnAppenders(AppenderAttachableImpl.java:66)
	at org.apache.log4j.Category.callAppenders(Category.java:206)
	at org.apache.log4j.Category.forcedLog(Category.java:391)
	at org.apache.log4j.Category.log(Category.java:856)
	at org.apache.juli.logging.impl.Log4JLogger.error(Log4JLogger.java:257)
	... 5 more
